PRISM
=====

Version: 4.8
Date: Tue Dec 05 22:30:14 CST 2023
Hostname: bogon
Memory limits: cudd=1g, java(heap)=1g
Command line: prism -politer DARTSim.prism prop1.props -const 'targetStateProb1=0.031403505758471145,threatStateProb1=0.09586254605256936,targetStateProb2=0.9449238979247503,threatStateProb2=0.07703180497737439,targetStateProb3=0.8855889606238159,threatStateProb3=0.08822433026884674,targetStateProb4=0.7852786046718484,threatStateProb4=0.1555055969136989,targetStateProb5=0.7678796415373956,threatStateProb5=0.24289045144086183' -const 'init_a=0,init_f=0,init_ecm=0' -exportstrat 'str.txt:type=actions'

Parsing model file "DARTSim.prism"...

Type:        MDP
Modules:     clk sys GoTight GoLoose IncAlt DecAlt TurnOnECM TurnOffECM constraint sensor
Variables:   time clockstep a f ecm GoTight_used GoTight_go GoLoose_used GoLoose_go IncAlt_state IncAlt_go DecAlt_state DecAlt_go TurnOnECM_used TurnOnECM_go TurnOffECM_used TurnOffECM_go satisfied targetDetected

Parsing properties file "prop1.props"...

1 property:
(1) Rmin=? [ F "final" ]

---------------------------------------------------------------------

Model checking: Rmin=? [ F "final" ]
Model constants: init_a=0,init_f=0,init_ecm=0,targetStateProb1=0.0314035057585,targetStateProb2=0.944923897925,targetStateProb3=0.885588960624,targetStateProb4=0.785278604672,targetStateProb5=0.767879641537,threatStateProb1=0.0958625460526,threatStateProb2=0.0770318049774,threatStateProb3=0.0882243302688,threatStateProb4=0.155505596914,threatStateProb5=0.242890451441

Warning: Switching to explicit engine to allow use of chosen MDP solution method.

Building model...
Model constants: init_a=0,init_f=0,init_ecm=0,targetStateProb1=0.0314035057585,targetStateProb2=0.944923897925,targetStateProb3=0.885588960624,targetStateProb4=0.785278604672,targetStateProb5=0.767879641537,threatStateProb1=0.0958625460526,threatStateProb2=0.0770318049774,threatStateProb3=0.0882243302688,threatStateProb4=0.155505596914,threatStateProb5=0.242890451441

Computing reachable states... 111452 states
Reachable states exploration and model construction done in 0.706 secs.
Sorting reachable states list...

Time for model construction: 0.848 seconds.

Warning: Deadlocks detected and fixed in 944 states

Type:        MDP
States:      111452 (1 initial)
Transitions: 406616
Choices:     404912
Max/avg:     10/3.63
Building reward structure...

Starting expected reachability (min)...
Starting Prob1 (max)...
Prob1 (max) took 46 iterations and 0.144 seconds.
target=31680, inf=0, rest=79772
For Rmin, checking for zero-reward ECs...
Time for checking for zero-reward ECs: 0.071 seconds, no zero-reward ECs found, proceeding normally.
Starting policy iteration (min)...
Policy iteration took 4 cycles (78 iterations in total) and 0.105 seconds.
Expected reachability took 0.335 seconds.

Value in the initial state: 15.799810788429717

Time for model checking: 0.437 seconds.

Result: 15.799810788429717

Exporting strategy as actions to file "str.txt"...

---------------------------------------------------------------------

Note: There were 2 warnings during computation.

