
time: 0
[0.2069161288565034, 0.7467067688392263, 0.28798007159763284, 0.7017802091844799, 0.6938258938963849]
[0.2069161288565034, 0.7467067688392263, 0.28798007159763284, 0.7017802091844799, 0.6938258938963849]
Altitude: 0 Formation: 0 ECM: 0
target: 1 threat: 0
Reward: 0.0 Principal: 1 Interest: 0.0

time: 1
[0.7727588984209198, 0.2336830426007899, 0.26618932545980223, 0.7082153292378853, 0.5838429047391223]
[0.7993520670669929, 0.1682039809595822, 0.4429083990591537, 0.7364217638855325, 0.5838429047391223]
Altitude: 0 Formation: 0 ECM: 0
target: 1 threat: 0
Reward: 0.0 Principal: 0 Interest: 0.0

time: 2
[0.24893796147411099, 0.7613069683660759, 0.7603083686213037, 0.30802613086585146, 0.27279196066652156]
[0.10449106380623101, 0.6461158587554029, 0.8588838917483345, 0.39095673694375516, 0.27279196066652156]
Altitude: 0 Formation: 0 ECM: 0
target: 0 threat: 0
Reward: 0.0 Principal: 1 Interest: 0.0

time: 3
[0.2172925586682759, 0.25000468446976787, 0.732260716692419, 0.692894098265248, 0.36832348701074746]
[0.456115931311507, 0.7542815095308182, 0.5760424952504074, 0.4415441348607427, 0.36832348701074746]
Altitude: 0 Formation: 0 ECM: 0
target: 0 threat: 0
Reward: 0.0 Principal: 0 Interest: 0.0

time: 4
[0.7658388774307517, 0.7453477983078387, 0.7229059021506723, 0.6931645153454257, 0.8050938392174262]
[0.866355487681732, 0.7333980388213769, 0.6178583588412636, 0.5146951044565797, 0.8050938392174262]
Altitude: 0 Formation: 0 ECM: 0
target: 1 threat: 0
Reward: 0.0 Principal: 1 Interest: 0.0

time: 5
[0.7774935071729141, 0.749479527169916, 0.7738580823275727, 0.376960479678184, 0.7696924087834195]
[0.8575746482851474, 0.767989666021478, 0.7132574782304817, 0.606631869441233, 0.7696924087834195]
Altitude: 0 Formation: 0 ECM: 0
target: 1 threat: 1
Reward: 10.0 Principal: 0 Interest: 0.0

time: 6
[0.8013922244022765, 0.22489881059976133, 0.7512546586541908, 0.6595998782482195, 0.6595998782482195]
[0.886447741310449, 0.538537982701213, 0.7694954088432172, 0.7531105883620844, 0.6595998782482195]
Execute OnECM
Altitude: 0 Formation: 0 ECM: 1
target: 1 threat: 1
Reward: 10.0 Principal: 1 Interest: 0.5

time: 7
[0.7898539821212133, 0.7314964034809446, 0.7289192379814315, 0.7289192379814315, 0.7289192379814315]
[0.7271685494915312, 0.8654649553099343, 0.8579320339403874, 0.7290824133280145, 0.7289192379814315]
Execute OffECM
Altitude: 0 Formation: 0 ECM: 0
target: 1 threat: 1
Reward: 10.0 Principal: 0 Interest: 0.0

time: 8
[0.7879586639647456, 0.7290220823598204, 0.7290220823598204, 0.7290220823598204, 0.7290220823598204]
[0.935558011525723, 0.9199759607940136, 0.8423088777098086, 0.7674473128181583, 0.7290220823598204]
Altitude: 0 Formation: 0 ECM: 0
target: 1 threat: 1
Reward: 10.0 Principal: 1 Interest: 0.0

time: 9
[0.7752340668095858, 0.7752340668095858, 0.7752340668095858, 0.7752340668095858, 0.7752340668095858]
[0.9614025402974622, 0.9212221280520516, 0.8823853168859123, 0.791898919885074, 0.7752340668095858]
Altitude: 0 Formation: 0 ECM: 0
target: 1 threat: 1
Reward: 10.0 Principal: 0 Interest: 0.0
total reward = 50.0, total principal = 5, total interest = 0.5
