
time: 0
[0.22893405724724694, 0.7780846462876007, 0.6725955858418312, 0.28585150795186626, 0.6481168973147515, 0.6481168973147515]
[0.22893405724724694, 0.7780846462876007, 0.6725955858418312, 0.28585150795186626, 0.6481168973147515]
Execute IncAlt
Execute GoTight
Execute OnECM
Altitude: 0 Formation: 1 ECM: 1
target: 1 threat: 1
Reward: 10.0 Principal: 3 Interest: 0.5

time: 1
Finish IncAlt
[0.7609319070095071, 0.7701900318919205, 0.2773460526740603, 0.31835747964510186, 0.6674427896505527, 0.6674427896505527]
[0.8088816847848738, 0.7602939499735984, 0.19007375218361028, 0.4440917011414909, 0.6674427896505527]
Execute DecAlt
Execute GoLoose
Execute OffECM
Altitude: 1 Formation: 0 ECM: 0
target: 1 threat: 0
Reward: 2.5 Principal: 3 Interest: 0.0

time: 2
Finish DecAlt
[0.7603054700920897, 0.2605478891877799, 0.2571660787321626, 0.7242099513045495, 0.28667722450339517, 0.28667722450339517]
[0.8733225048391348, 0.12176125823014752, 0.30408083704301375, 0.7307428716852812, 0.28667722450339517]
Altitude: 0 Formation: 0 ECM: 0
target: 1 threat: 0
Reward: 0.0 Principal: 1 Interest: 0.0

time: 3
[0.23486250574055595, 0.7412821548684679, 0.6900323360741578, 0.2395770376291336, 0.7014606988529789, 0.7014606988529789]
[0.06552195801622047, 0.4715509198294424, 0.8278050897094403, 0.17062323607479113, 0.7014606988529789]
Execute IncAlt
Altitude: 0 Formation: 0 ECM: 0
target: 0 threat: 0
Reward: 0.0 Principal: 2 Interest: 0.0

time: 4
Finish IncAlt
[0.20607114136829946, 0.23473566071563537, 0.29355556215912654, 0.6768085235897865, 0.7042829911289384, 0.7042829911289384]
[0.28189979457205355, 0.6984619874878, 0.12020061666611323, 0.7226718037292017, 0.7042829911289384]
Execute IncAlt
Altitude: 1 Formation: 0 ECM: 0
target: 0 threat: 0
Reward: 0.0 Principal: 2 Interest: 0.0

time: 5
Finish IncAlt
[0.7690706768715562, 0.20561317340200877, 0.7351230373913862, 0.7385287553474269, 0.3654255625848953, 0.3654255625848953]
[0.8317656329870066, 0.05918291356490736, 0.8405002489354994, 0.7593711639953308, 0.3654255625848953]
Execute IncAlt
Execute GoTight
Execute OnECM
Altitude: 2 Formation: 1 ECM: 1
target: 1 threat: 1
Reward: 10.0 Principal: 3 Interest: 0.5

time: 6
Finish IncAlt
[0.24482385189006248, 0.7343077038248562, 0.736271130351982, 0.23755632067189233, 0.23755632067189233, 0.23755632067189233]
[0.03095663850816765, 0.910679068001554, 0.8644889117692708, 0.2096434449898009, 0.23755632067189233]
Execute IncAlt
Altitude: 3 Formation: 1 ECM: 1
target: 0 threat: 1
Reward: 1.6025641025641024 Principal: 2 Interest: 0.5

time: 7
Finish IncAlt
[0.7693427870692672, 0.7513049312338755, 0.243125546226429, 0.243125546226429, 0.243125546226429, 0.243125546226429]
[0.9559412067738741, 0.9284343465342908, 0.12797834935117333, 0.14860268608479593, 0.243125546226429]
Execute IncAlt
Altitude: 4 Formation: 1 ECM: 1
target: 1 threat: 1
Reward: 10.0 Principal: 2 Interest: 0.5

time: 8
Finish IncAlt
[0.7758438330466301, 0.2626927943248902, 0.2626927943248902, 0.2626927943248902, 0.2626927943248902, 0.2626927943248902]
[0.9657029844334558, 0.07477719867437012, 0.09661564115960299, 0.16068835882169882, 0.2626927943248902]
Execute DecAlt
Altitude: 5 Formation: 1 ECM: 1
target: 1 threat: 1
Reward: 10.0 Principal: 2 Interest: 0.5

time: 9
Finish DecAlt
[0.22257374906586969, 0.22257374906586969, 0.22257374906586969, 0.22257374906586969, 0.22257374906586969, 0.22257374906586969]
[0.03672459614611312, 0.049930939251105894, 0.09229560398660859, 0.15055233437596932, 0.22257374906586969]
Execute GoLoose
Execute OffECM
Altitude: 4 Formation: 0 ECM: 0
target: 0 threat: 0
Reward: 0.0 Principal: 2 Interest: 0.0
total reward = 44.1025641025641, total principal = 22, total interest = 2.5
