
time: 0
[0.7741237165297288, 0.27765509619087453, 0.7505595903880489, 0.23942635606592688, 0.2562943880425386]
[0.7741237165297288, 0.27765509619087453, 0.7505595903880489, 0.23942635606592688, 0.2562943880425386]
Altitude: 0 Formation: 0 ECM: 0
target: 1 threat: 1
Reward: 10.0 Principal: 1 Interest: 0.0

time: 1
[0.7686182415916454, 0.7717887793393315, 0.2767028429260988, 0.299937843953607, 0.7850311864250559]
[0.5036636550661495, 0.8007522376215073, 0.1656519683211868, 0.18614492228081972, 0.7850311864250559]
Altitude: 0 Formation: 0 ECM: 0
target: 1 threat: 0
Reward: 0.0 Principal: 1 Interest: 0.0

time: 2
[0.7769096152305629, 0.21965258467271245, 0.28793648043960024, 0.7248388467893753, 0.28096363972749167]
[0.9015096425792305, 0.0942397883987814, 0.12869372624295866, 0.7949195713041656, 0.28096363972749167]
Altitude: 0 Formation: 0 ECM: 0
target: 1 threat: 0
Reward: 0.0 Principal: 1 Interest: 0.0

time: 3
[0.225452092940563, 0.26289769823179154, 0.7175424892075912, 0.24823550156907673, 0.68471401488946]
[0.04913666298895734, 0.07521091057514345, 0.8807871003878797, 0.17227699394277018, 0.68471401488946]
Altitude: 0 Formation: 0 ECM: 0
target: 0 threat: 0
Reward: 0.0 Principal: 1 Interest: 0.0

time: 4
[0.22473324799970215, 0.763314915639197, 0.2834540280408138, 0.7003866960655742, 0.6671211189918719]
[0.03717698122503663, 0.9396557678358952, 0.11797451379693874, 0.7266335967426331, 0.6671211189918719]
Altitude: 0 Formation: 0 ECM: 0
target: 0 threat: 0
Reward: 0.0 Principal: 1 Interest: 0.0

time: 5
[0.7684992352168335, 0.25605118830386076, 0.7275414118165248, 0.6498698765779731, 0.26271014623074274]
[0.9706197680071713, 0.06750209195007449, 0.8400903995003505, 0.6855964182990559, 0.26271014623074274]
Execute OnECM
Altitude: 0 Formation: 0 ECM: 1
target: 1 threat: 1
Reward: 10.0 Principal: 1 Interest: 0.5

time: 6
[0.2175154674716412, 0.7801668392354081, 0.7513525355688442, 0.285924885422383, 0.285924885422383]
[0.03256424412560338, 0.9211285335417952, 0.822952895254233, 0.1823510948567769, 0.285924885422383]
Execute OffECM
Altitude: 0 Formation: 0 ECM: 0
target: 0 threat: 1
Reward: 10.0 Principal: 1 Interest: 0.0

time: 7
[0.7716378999350427, 0.7522387491017584, 0.261608656663535, 0.261608656663535, 0.261608656663535]
[0.9615756368189421, 0.9047121852999694, 0.11724594555925859, 0.18177035298757346, 0.261608656663535]
Altitude: 0 Formation: 0 ECM: 0
target: 1 threat: 1
Reward: 10.0 Principal: 1 Interest: 0.0

time: 8
[0.7819122310802453, 0.2269649355098428, 0.2269649355098428, 0.2269649355098428, 0.2269649355098428]
[0.9545580228093343, 0.061568613368316316, 0.1056446998600934, 0.15219475024423879, 0.2269649355098428]
Altitude: 0 Formation: 0 ECM: 0
target: 1 threat: 1
Reward: 10.0 Principal: 1 Interest: 0.0

time: 9
[0.22524813192704718, 0.22524813192704718, 0.22524813192704718, 0.22524813192704718, 0.22524813192704718]
[0.03036798986246397, 0.055093117725401715, 0.08829031983090228, 0.13539968635567506, 0.22524813192704718]
Altitude: 0 Formation: 0 ECM: 0
target: 0 threat: 0
Reward: 0.0 Principal: 1 Interest: 0.0
total reward = 50.0, total principal = 10, total interest = 0.5
