
time: 0
[0.7748512082325848, 0.7681675704553399, 0.2593989499870133, 0.2547528018089764, 0.6803138918792444]
[0.7748512082325848, 0.7681675704553399, 0.2593989499870133, 0.2547528018089764, 0.6803138918792444]
Altitude: 0 Formation: 0 ECM: 0
target: 1 threat: 0
Reward: 0.0 Principal: 1 Interest: 0.0

time: 1
[0.7559856454309886, 0.2480535859756453, 0.31555716057025357, 0.7456400507391128, 0.687261236171097]
[0.8016058444988347, 0.16152908167117985, 0.19338483524932137, 0.7503859839478483, 0.687261236171097]
Altitude: 0 Formation: 0 ECM: 0
target: 1 threat: 0
Reward: 0.0 Principal: 1 Interest: 0.0

time: 2
[0.2507850553966408, 0.24285426998393742, 0.7101073005849783, 0.7179459508256973, 0.6556393448588932]
[0.1010064988874832, 0.11779841702654656, 0.8492179837193353, 0.7383089556087367, 0.6556393448588932]
Altitude: 0 Formation: 0 ECM: 0
target: 0 threat: 0
Reward: 0.0 Principal: 1 Interest: 0.0

time: 3
[0.22780054138859404, 0.763946436326435, 0.7568070103781533, 0.24675052688501808, 0.7464362399704171]
[0.06202956930588422, 0.9225244750415313, 0.8587518624788846, 0.3938081675595844, 0.7464362399704171]
Altitude: 0 Formation: 0 ECM: 0
target: 0 threat: 0
Reward: 0.0 Principal: 1 Interest: 0.0

time: 4
[0.7789404458727416, 0.7309206911595669, 0.7413311770075258, 0.6897426082950795, 0.8018786519845671]
[0.9630927073519641, 0.9208740182551919, 0.5865765729031901, 0.7559509482630375, 0.8018786519845671]
Altitude: 0 Formation: 0 ECM: 0
target: 1 threat: 0
Reward: 0.0 Principal: 1 Interest: 0.0

time: 5
[0.7877159854415562, 0.7620554137010584, 0.7151096382900374, 0.7241030203046658, 0.6829748714179341]
[0.9632508356366254, 0.7514460282588398, 0.8547588144177233, 0.8032518710466806, 0.6829748714179341]
Altitude: 0 Formation: 0 ECM: 0
target: 1 threat: 1
Reward: 10.0 Principal: 1 Interest: 0.0

time: 6
[0.7777804815102729, 0.757251347214792, 0.7320518620463509, 0.7309476737951476, 0.7309476737951476]
[0.8688281583422957, 0.924180029933568, 0.8902991000053772, 0.7434073225247053, 0.7309476737951476]
Altitude: 0 Formation: 0 ECM: 0
target: 1 threat: 1
Reward: 10.0 Principal: 1 Interest: 0.0

time: 7
[0.7743129279722024, 0.2580541817159829, 0.7354602887390012, 0.7354602887390012, 0.7354602887390012]
[0.9634139062441308, 0.8073215136609001, 0.8540653326631252, 0.7719776246233854, 0.7354602887390012]
Altitude: 0 Formation: 0 ECM: 0
target: 1 threat: 1
Reward: 10.0 Principal: 1 Interest: 0.0

time: 8
[0.781551947880984, 0.7706255961123614, 0.7706255961123614, 0.7706255961123614, 0.7706255961123614]
[0.9027280149438114, 0.9266111240105425, 0.8835078251706252, 0.7927151688931381, 0.7706255961123614]
Altitude: 0 Formation: 0 ECM: 0
target: 1 threat: 1
Reward: 10.0 Principal: 1 Interest: 0.0

time: 9
[0.7730700673719877, 0.7730700673719877, 0.7730700673719877, 0.7730700673719877, 0.7730700673719877]
[0.9645031939085581, 0.9427490483035136, 0.8959877081328818, 0.8110979949679651, 0.7730700673719877]
Altitude: 0 Formation: 0 ECM: 0
target: 1 threat: 1
Reward: 10.0 Principal: 1 Interest: 0.0
total reward = 50.0, total principal = 10, total interest = 0.0
