
time: 0
[0.23768260477360395, 0.7554928613777647, 0.28104813272741314, 0.25680217209698153, 0.2864502721066654]
[0.23768260477360395, 0.7554928613777647, 0.28104813272741314, 0.25680217209698153, 0.2864502721066654]
Altitude: 0 Formation: 0 ECM: 0
target: 0 threat: 1
Reward: 10.0 Principal: 1 Interest: 0.0

time: 1
[0.2222264884444917, 0.7535272091357209, 0.2882016994207125, 0.3408185459919206, 0.7057461978279772]
[0.4479008440623577, 0.494410290849157, 0.18040204543237254, 0.22507549801975033, 0.7057461978279772]
Altitude: 0 Formation: 0 ECM: 0
target: 1 threat: 1
Reward: 10.0 Principal: 0 Interest: 0.0

time: 2
[0.7750528262915894, 0.24262054948425527, 0.2511813225211364, 0.744053760226508, 0.2978955838833127]
[0.6990253971675905, 0.10984066288489577, 0.14065782421341613, 0.7632152848963286, 0.2978955838833127]
Altitude: 0 Formation: 0 ECM: 0
target: 1 threat: 1
Reward: 10.0 Principal: 1 Interest: 0.0

time: 3
[0.23047969337390983, 0.7360983603944063, 0.7171721736179848, 0.2912103473598214, 0.6968954677264777]
[0.058224323654472804, 0.2535398421879704, 0.8602616727492448, 0.20405253878371815, 0.6968954677264777]
Altitude: 0 Formation: 0 ECM: 0
target: 0 threat: 0
Reward: 0.0 Principal: 0 Interest: 0.0

time: 4
[0.22306851083696438, 0.7685842498827339, 0.27136415534856256, 0.2443348061891814, 0.7383175337718869]
[0.13670586752948763, 0.9295548340138855, 0.13461999646061976, 0.4216826560839235, 0.7383175337718869]
Altitude: 0 Formation: 0 ECM: 0
target: 0 threat: 0
Reward: 0.0 Principal: 1 Interest: 0.0

time: 5
[0.20917854460756463, 0.7477994344624568, 0.7645446159475457, 0.7608824171588682, 0.2671322223266879]
[0.8536414930903259, 0.25100475452238385, 0.6297401653911411, 0.7891276943023734, 0.2671322223266879]
Execute OnECM
Altitude: 0 Formation: 0 ECM: 1
target: 1 threat: 1
Reward: 10.0 Principal: 0 Interest: 0.5

time: 6
[0.21851284452928285, 0.7488998387391247, 0.7548785609729822, 0.311704708355818, 0.311704708355818]
[0.13349433212137157, 0.7766305771159767, 0.8885889991892446, 0.1982059069427362, 0.311704708355818]
Execute OffECM
Altitude: 0 Formation: 0 ECM: 0
target: 0 threat: 1
Reward: 10.0 Principal: 1 Interest: 0.0

time: 7
[0.76495161623092, 0.77240231467556, 0.2676930299215273, 0.2676930299215273, 0.2676930299215273]
[0.8798196788660774, 0.9452888713942369, 0.12948779996538823, 0.19851623138511088, 0.2676930299215273]
Altitude: 0 Formation: 0 ECM: 0
target: 1 threat: 0
Reward: 0.0 Principal: 0 Interest: 0.0

time: 8
[0.766108364848185, 0.2764340610765866, 0.2764340610765866, 0.2764340610765866, 0.2764340610765866]
[0.9732517531253687, 0.07862131447074018, 0.13283611668440845, 0.1800722846785506, 0.2764340610765866]
Execute IncAlt
Execute GoTight
Altitude: 0 Formation: 1 ECM: 0
target: 1 threat: 0
Reward: 2.3076923076923084 Principal: 3 Interest: 0.0

time: 9
Finish IncAlt
[0.2500497010732381, 0.2500497010732381, 0.2500497010732381, 0.2500497010732381, 0.2500497010732381]
[0.041942735158134355, 0.07489465505943417, 0.11203349827383942, 0.17095282752978994, 0.2500497010732381]
Altitude: 1 Formation: 1 ECM: 0
target: 0 threat: 0
Reward: 0.0 Principal: 0 Interest: 0.0
total reward = 52.30769230769231, total principal = 7, total interest = 0.5
