
time: 0
[0.20425938385109463, 0.2527225028656564, 0.2773958414658177, 0.7040041236881386, 0.24406688067797966]
[0.20425938385109463, 0.2527225028656564, 0.2773958414658177, 0.7040041236881386, 0.24406688067797966]
Altitude: 0 Formation: 0 ECM: 0
target: 0 threat: 0
Reward: 0.0 Principal: 1 Interest: 0.0

time: 1
[0.21250626727901334, 0.2375974176221078, 0.7548815341519185, 0.3126740643436126, 0.6601977295057818]
[0.14112635890380107, 0.16505801745629028, 0.7682519632371287, 0.18603354400590483, 0.6601977295057818]
Altitude: 0 Formation: 0 ECM: 0
target: 0 threat: 0
Reward: 0.0 Principal: 1 Interest: 0.0

time: 2
[0.23950800944584946, 0.7285604764879103, 0.7425081468396401, 0.7041374560588045, 0.23856763574440024]
[0.09975570880642319, 0.867447661506748, 0.3523165058428489, 0.714558363116565, 0.23856763574440024]
Altitude: 0 Formation: 0 ECM: 0
target: 0 threat: 0
Reward: 0.0 Principal: 1 Interest: 0.0

time: 3
[0.7647953607329784, 0.22739306791839098, 0.7657500771994901, 0.29004964547424383, 0.7055118307970156]
[0.9327131924120416, 0.20710736859466197, 0.847512765479607, 0.1717606102538777, 0.7055118307970156]
Altitude: 0 Formation: 0 ECM: 0
target: 1 threat: 1
Reward: 10.0 Principal: 1 Interest: 0.0

time: 4
[0.7700833221988761, 0.733839542071998, 0.25660495027932195, 0.7108343375679893, 0.6796183989927977]
[0.362249576374278, 0.9147942752396483, 0.109041207441247, 0.7445352600606585, 0.6796183989927977]
Altitude: 0 Formation: 0 ECM: 0
target: 0 threat: 0
Reward: 0.0 Principal: 1 Interest: 0.0

time: 5
[0.7739170074390969, 0.2676331615458239, 0.6897187861146193, 0.6776120597370168, 0.375252310649442]
[0.9586256959224819, 0.06446039028254788, 0.8374049624616572, 0.7101321477525894, 0.375252310649442]
Execute OnECM
Altitude: 0 Formation: 0 ECM: 1
target: 1 threat: 0
Reward: 1.6666666666666663 Principal: 1 Interest: 0.5

time: 6
[0.2138372068980206, 0.7620418871150937, 0.7232519186357913, 0.3398880350857501, 0.3398880350857501]
[0.030720955788023058, 0.9154702028049125, 0.8272687442864751, 0.27786261170782806, 0.3398880350857501]
Execute OffECM
Altitude: 0 Formation: 0 ECM: 0
target: 0 threat: 1
Reward: 10.0 Principal: 1 Interest: 0.0

time: 7
[0.7844599099651907, 0.7437056984002834, 0.6923016581581722, 0.6923016581581722, 0.6923016581581722]
[0.9602342899405286, 0.9050649569878995, 0.4277816795003958, 0.49289880592389373, 0.6923016581581722]
Altitude: 0 Formation: 0 ECM: 0
target: 1 threat: 1
Reward: 10.0 Principal: 1 Interest: 0.0

time: 8
[0.7579402167365354, 0.22718924911240523, 0.22718924911240523, 0.22718924911240523, 0.22718924911240523]
[0.9514507971469524, 0.26286320481397785, 0.32470381330843795, 0.40430857514636837, 0.22718924911240523]
Altitude: 0 Formation: 0 ECM: 0
target: 1 threat: 0
Reward: 0.0 Principal: 1 Interest: 0.0

time: 9
[0.2206917905207508, 0.2206917905207508, 0.2206917905207508, 0.2206917905207508, 0.2206917905207508]
[0.1415674182112381, 0.18456040763922568, 0.2502986706390786, 0.13343445589551503, 0.2206917905207508]
Altitude: 0 Formation: 0 ECM: 0
target: 0 threat: 0
Reward: 0.0 Principal: 1 Interest: 0.0
total reward = 31.666666666666664, total principal = 10, total interest = 0.5
