
time: 0
[0.233176059476998, 0.7506531983713486, 0.2557812404031795, 0.7166775340569815, 0.27478062283617977]
[0.233176059476998, 0.7506531983713486, 0.2557812404031795, 0.7166775340569815, 0.27478062283617977]
Altitude: 0 Formation: 0 ECM: 0
target: 0 threat: 1
Reward: 10.0 Principal: 1 Interest: 0.0

time: 1
[0.7830585141316947, 0.7508320083884134, 0.2667091317675381, 0.751031077771053, 0.6256331944184652]
[0.8064049131233272, 0.4720313784029962, 0.45453515737060646, 0.4874753523473245, 0.6256331944184652]
Altitude: 0 Formation: 0 ECM: 0
target: 1 threat: 1
Reward: 10.0 Principal: 1 Interest: 0.0

time: 2
[0.7783043893555344, 0.23756008206686774, 0.2567667752089466, 0.7470928706623542, 0.34469016059230595]
[0.683228053683315, 0.30033528186230574, 0.34144965745073413, 0.7207874892409455, 0.34469016059230595]
Altitude: 0 Formation: 0 ECM: 0
target: 1 threat: 1
Reward: 10.0 Principal: 1 Interest: 0.0

time: 3
[0.23323540962395306, 0.23262458095882607, 0.7347344168104585, 0.2499242183255308, 0.7221098860049754]
[0.17407404973876803, 0.20214011067478851, 0.8391606738331959, 0.20593268696672185, 0.7221098860049754]
Altitude: 0 Formation: 0 ECM: 0
target: 0 threat: 0
Reward: 0.0 Principal: 1 Interest: 0.0

time: 4
[0.21246276616191823, 0.7509572043836993, 0.26906003830043107, 0.2888808162127471, 0.6607003178506928]
[0.1027801968367473, 0.9138682190831094, 0.13506986683351113, 0.47625004946304866, 0.6607003178506928]
Altitude: 0 Formation: 0 ECM: 0
target: 0 threat: 0
Reward: 0.0 Principal: 1 Interest: 0.0

time: 5
[0.21025649137203956, 0.22142341059839887, 0.7898472392573893, 0.7481627574113957, 0.36918247470951165]
[0.8247610678396436, 0.0700795412098617, 0.6938421515618143, 0.7410986872462302, 0.36918247470951165]
Execute OnECM
Altitude: 0 Formation: 0 ECM: 1
target: 1 threat: 1
Reward: 10.0 Principal: 1 Interest: 0.5

time: 6
[0.20557303441564717, 0.7453787702894883, 0.688295598107352, 0.26521741538782007, 0.26521741538782007]
[0.032614069781584855, 0.8204401077604444, 0.83445280730752, 0.22822969251274527, 0.26521741538782007]
Execute OffECM
Altitude: 0 Formation: 0 ECM: 0
target: 0 threat: 1
Reward: 10.0 Principal: 1 Interest: 0.0

time: 7
[0.7825445371572652, 0.7516898608530356, 0.25333834713279724, 0.25333834713279724, 0.25333834713279724]
[0.9102992331709497, 0.9113028372695893, 0.1435877450822637, 0.16704126277518833, 0.25333834713279724]
Execute IncAlt
Altitude: 0 Formation: 0 ECM: 0
target: 1 threat: 0
Reward: 0.0 Principal: 2 Interest: 0.0

time: 8
Finish IncAlt
[0.7820088995325712, 0.7432093998952982, 0.7432093998952982, 0.7432093998952982, 0.7432093998952982]
[0.9578693144932282, 0.2620412661129056, 0.3272347351773875, 0.46409707932982425, 0.7432093998952982]
Execute OnECM
Execute GoTight
Altitude: 1 Formation: 1 ECM: 1
target: 1 threat: 0
Reward: 5.1923076923076925 Principal: 2 Interest: 0.5

time: 9
[0.7840902589153974, 0.7840902589153974, 0.7840902589153974, 0.7840902589153974, 0.7840902589153974]
[0.4454081986363314, 0.531053434246275, 0.6805476013375893, 0.8033469936812081, 0.7840902589153974]
Execute DecAlt
Execute OffECM
Execute GoLoose
Altitude: 1 Formation: 0 ECM: 0
target: 0 threat: 0
Reward: 0.0 Principal: 3 Interest: 0.0
total reward = 55.19230769230769, total principal = 14, total interest = 1.0
