
time: 0
[0.21778180472844552, 0.7471530764492006, 0.7314328137279175, 0.257054201553635, 0.6675984410572456]
[0.21778180472844552, 0.7471530764492006, 0.7314328137279175, 0.257054201553635, 0.6675984410572456]
Altitude: 0 Formation: 0 ECM: 0
target: 0 threat: 0
Reward: 0.0 Principal: 1 Interest: 0.0

time: 1
[0.7721455055822607, 0.7704221613688246, 0.2436916807225799, 0.7420390326372948, 0.6030002857493585]
[0.7992623176845314, 0.7906038597134862, 0.15823287183546839, 0.7413174972051487, 0.6030002857493585]
Altitude: 0 Formation: 0 ECM: 0
target: 1 threat: 0
Reward: 0.0 Principal: 1 Interest: 0.0

time: 2
[0.7787156522396849, 0.23919306955196765, 0.7417890687674965, 0.7621880772031631, 0.2425915342721196]
[0.8964447657564514, 0.09565716879916566, 0.8550923702763459, 0.7173210074115275, 0.2425915342721196]
Execute GoTight
Execute OnECM
Altitude: 0 Formation: 1 ECM: 1
target: 1 threat: 0
Reward: 3.5897435897435903 Principal: 2 Interest: 0.5

time: 3
[0.23424233519221063, 0.73606678497309, 0.7842278128647692, 0.7678796497757865, 0.3309750250709368]
[0.05122786018241688, 0.9198126808083088, 0.8564871066450609, 0.47469517717543747, 0.3309750250709368]
Execute GoLoose
Execute OffECM
Altitude: 0 Formation: 0 ECM: 0
target: 0 threat: 1
Reward: 10.0 Principal: 2 Interest: 0.0

time: 4
[0.7920728295434314, 0.7753590974188305, 0.2790124220536662, 0.26489361184472593, 0.37187139674092795]
[0.96322277312774, 0.928907785921277, 0.34610862477970816, 0.20721974560906217, 0.37187139674092795]
Altitude: 0 Formation: 0 ECM: 0
target: 1 threat: 0
Reward: 0.0 Principal: 1 Interest: 0.0

time: 5
[0.7666196010621379, 0.2457709103733853, 0.7574466289075436, 0.26994720150123147, 0.32834301919316916]
[0.964997019473867, 0.2122373940327167, 0.3905352938669936, 0.23259143728279316, 0.32834301919316916]
Execute OnECM
Altitude: 0 Formation: 0 ECM: 1
target: 1 threat: 1
Reward: 10.0 Principal: 1 Interest: 0.5

time: 6
[0.22323791480898372, 0.7679093631693741, 0.6825327041976338, 0.6615997666210968, 0.6615997666210968]
[0.11187599196955117, 0.5848547814575147, 0.3692516516912867, 0.4614775379973065, 0.6615997666210968]
Execute OffECM
Altitude: 0 Formation: 0 ECM: 0
target: 0 threat: 1
Reward: 10.0 Principal: 1 Interest: 0.0

time: 7
[0.77039980041701, 0.25943979778131515, 0.7686328876190849, 0.7686328876190849, 0.7686328876190849]
[0.7516483559949743, 0.23632478572242072, 0.6663778815349538, 0.7535620867102808, 0.7686328876190849]
Altitude: 0 Formation: 0 ECM: 0
target: 1 threat: 0
Reward: 0.0 Principal: 1 Interest: 0.0

time: 8
[0.2209756550378596, 0.7904649981881271, 0.7904649981881271, 0.7904649981881271, 0.7904649981881271]
[0.12539241488628222, 0.8222354337973669, 0.8795614310793478, 0.8184696698046502, 0.7904649981881271]
Altitude: 0 Formation: 0 ECM: 0
target: 0 threat: 0
Reward: 0.0 Principal: 1 Interest: 0.0

time: 9
[0.7729729580906535, 0.7729729580906535, 0.7729729580906535, 0.7729729580906535, 0.7729729580906535]
[0.908857767010318, 0.9406725553533122, 0.910125899487109, 0.8204778152303767, 0.7729729580906535]
Altitude: 0 Formation: 0 ECM: 0
target: 1 threat: 1
Reward: 10.0 Principal: 1 Interest: 0.0
total reward = 43.58974358974359, total principal = 12, total interest = 1.0
