
time: 0
[0.7864168390542915, 0.7719472257790712, 0.7109582909600488, 0.2729405106681895, 0.342123981163661]
[0.7864168390542915, 0.7719472257790712, 0.7109582909600488, 0.2729405106681895, 0.342123981163661]
Altitude: 0 Formation: 0 ECM: 0
target: 1 threat: 1
Reward: 10.0 Principal: 1 Interest: 0.0

time: 1
[0.7621820453986478, 0.7453261174374892, 0.7238150807959225, 0.7302635824283032, 0.7650808251690366]
[0.8064867227607699, 0.7666907355167868, 0.46494467457779565, 0.5232782551131476, 0.7650808251690366]
Altitude: 0 Formation: 0 ECM: 0
target: 1 threat: 0
Reward: 0.0 Principal: 0 Interest: 0.0

time: 2
[0.7829321825174436, 0.24190952665352006, 0.28402189398334754, 0.7644891010438385, 0.4370389842255059]
[0.8844269040556135, 0.3118608456091776, 0.39237974349799004, 0.8042494036527921, 0.4370389842255059]
Altitude: 0 Formation: 0 ECM: 0
target: 1 threat: 0
Reward: 0.0 Principal: 1 Interest: 0.0

time: 3
[0.2075785983659937, 0.21648382691526047, 0.7017631096839196, 0.30333397329516004, 0.6595357760686953]
[0.17008075014646368, 0.22996976218609927, 0.8819698958953067, 0.2921662446765149, 0.6595357760686953]
Altitude: 0 Formation: 0 ECM: 0
target: 0 threat: 0
Reward: 0.0 Principal: 0 Interest: 0.0

time: 4
[0.217030549336325, 0.24633628258393517, 0.3103911766397136, 0.6444294315061518, 0.712300823064467]
[0.12031399603963694, 0.7883599454209126, 0.21445507873254935, 0.6774552274241138, 0.712300823064467]
Altitude: 0 Formation: 0 ECM: 0
target: 0 threat: 0
Reward: 0.0 Principal: 1 Interest: 0.0

time: 5
[0.7939094870365393, 0.2149939382205175, 0.6980222676775266, 0.6867146942534007, 0.27864808308500943]
[0.8955979196770602, 0.11279797019793039, 0.7928913408867244, 0.734731547830825, 0.27864808308500943]
Execute OnECM
Altitude: 0 Formation: 0 ECM: 1
target: 1 threat: 1
Reward: 10.0 Principal: 0 Interest: 0.5

time: 6
[0.23240370866780782, 0.2612250060206791, 0.734709788065646, 0.3698559036586686, 0.3698559036586686]
[0.05790470652145105, 0.6666998712616339, 0.8481902653069067, 0.2367485182380013, 0.3698559036586686]
Execute OffECM
Altitude: 0 Formation: 0 ECM: 0
target: 0 threat: 1
Reward: 10.0 Principal: 1 Interest: 0.0

time: 7
[0.75030419429033, 0.737690770968574, 0.251221949876763, 0.251221949876763, 0.251221949876763]
[0.8013628761242232, 0.9160779205932583, 0.14824713977169374, 0.22016811391772365, 0.251221949876763]
Altitude: 0 Formation: 0 ECM: 0
target: 1 threat: 1
Reward: 10.0 Principal: 0 Interest: 0.0

time: 8
[0.7714912129780928, 0.25694439726678214, 0.25694439726678214, 0.25694439726678214, 0.25694439726678214]
[0.9589847596269568, 0.08557638177472274, 0.1398006822958431, 0.16189469966719897, 0.25694439726678214]
Altitude: 0 Formation: 0 ECM: 0
target: 1 threat: 1
Reward: 10.0 Principal: 1 Interest: 0.0

time: 9
[0.768979152174393, 0.768979152174393, 0.768979152174393, 0.768979152174393, 0.768979152174393]
[0.17054573546583693, 0.27161141604335204, 0.33772054734750334, 0.48732773188179573, 0.768979152174393]
Altitude: 0 Formation: 0 ECM: 0
target: 0 threat: 0
Reward: 0.0 Principal: 0 Interest: 0.0
total reward = 50.0, total principal = 5, total interest = 0.5
