
time: 0
[0.23715840014052256, 0.7558782982318086, 0.7348776690264162, 0.2884833076031845, 0.31751068374353375, 0.31751068374353375]
[0.23715840014052256, 0.7558782982318086, 0.7348776690264162, 0.2884833076031845, 0.31751068374353375]
Altitude: 0 Formation: 0 ECM: 0
target: 0 threat: 0
Reward: 0.0 Principal: 1 Interest: 0.0

time: 1
[0.772122077730382, 0.7779841053837593, 0.23379151397958992, 0.724785607757867, 0.2151826616558468, 0.2151826616558468]
[0.803513347533919, 0.7962039366485077, 0.16850575618526853, 0.5004816306246146, 0.2151826616558468]
Execute IncAlt
Altitude: 0 Formation: 0 ECM: 0
target: 1 threat: 0
Reward: 0.0 Principal: 2 Interest: 0.0

time: 2
Finish IncAlt
[0.7808174632169631, 0.23082374586505514, 0.2759671408239381, 0.23180221678388124, 0.2423580307290356, 0.2423580307290356]
[0.9001134730556885, 0.09917562963224699, 0.36595963923108077, 0.1329954700314857, 0.2423580307290356]
Execute IncAlt
Altitude: 1 Formation: 0 ECM: 0
target: 1 threat: 0
Reward: 2.5 Principal: 2 Interest: 0.0

time: 3
Finish IncAlt
[0.7744275555278586, 0.23976611760051272, 0.2846314007584156, 0.33164056113930374, 0.6948573320264687, 0.6948573320264687]
[0.20804855917612078, 0.22335922294137983, 0.09292278231822368, 0.19480081225114218, 0.6948573320264687]
Execute IncAlt
Altitude: 2 Formation: 0 ECM: 0
target: 0 threat: 0
Reward: 0.0 Principal: 2 Interest: 0.0

time: 4
Finish IncAlt
[0.22313814996628248, 0.7837558020787149, 0.2927503203091746, 0.6795093973675154, 0.683140505860351, 0.683140505860351]
[0.11837935272322425, 0.20188780273701218, 0.1363126469195872, 0.7203394469785022, 0.683140505860351]
Execute IncAlt
Execute GoTight
Execute OnECM
Altitude: 3 Formation: 1 ECM: 1
target: 0 threat: 1
Reward: 1.6025641025641024 Principal: 3 Interest: 0.5

time: 5
Finish IncAlt
[0.21801041851117983, 0.26152789946150584, 0.24463635740185882, 0.6774131262851578, 0.3242482874060108, 0.3242482874060108]
[0.10430916397406677, 0.0794787588253947, 0.5680885482446896, 0.712123119826648, 0.3242482874060108]
Execute IncAlt
Execute GoLoose
Execute OffECM
Altitude: 4 Formation: 0 ECM: 0
target: 0 threat: 0
Reward: 0.0 Principal: 3 Interest: 0.0

time: 6
Finish IncAlt
[0.21729358781916705, 0.7344211067042437, 0.26418999893797707, 0.24757813394609937, 0.24757813394609937, 0.24757813394609937]
[0.03846847340438169, 0.7207680329228752, 0.5729905822641483, 0.19390907447785344, 0.24757813394609937]
Execute DecAlt
Execute GoTight
Execute OnECM
Altitude: 5 Formation: 1 ECM: 1
target: 0 threat: 1
Reward: 0.0 Principal: 3 Interest: 0.5

time: 7
Finish DecAlt
[0.7870593915136033, 0.7297751671535999, 0.29684837314976587, 0.29684837314976587, 0.29684837314976587, 0.29684837314976587]
[0.8534339589513131, 0.7218928430347055, 0.13717827280966496, 0.17990474693130448, 0.29684837314976587]
Execute IncAlt
Execute GoLoose
Execute OffECM
Altitude: 4 Formation: 0 ECM: 0
target: 1 threat: 0
Reward: 10.0 Principal: 3 Interest: 0.0

time: 8
Finish IncAlt
[0.8085345076734383, 0.7601050066833369, 0.7601050066833369, 0.7601050066833369, 0.7601050066833369, 0.7601050066833369]
[0.8623910391505327, 0.26211384376312524, 0.35642040355387444, 0.511982455398671, 0.7601050066833369]
Execute DecAlt
Execute GoTight
Execute OnECM
Altitude: 5 Formation: 1 ECM: 1
target: 1 threat: 1
Reward: 10.0 Principal: 3 Interest: 0.5

time: 9
Finish DecAlt
[0.7806794230275367, 0.7806794230275367, 0.7806794230275367, 0.7806794230275367, 0.7806794230275367, 0.7806794230275367]
[0.44292890308831573, 0.5598113939625855, 0.7164408346452952, 0.8097513685912087, 0.7806794230275367]
Execute DecAlt
Execute GoLoose
Execute OffECM
Altitude: 4 Formation: 0 ECM: 0
target: 0 threat: 0
Reward: 0.0 Principal: 3 Interest: 0.0
total reward = 24.102564102564102, total principal = 25, total interest = 1.5
