
time: 0
[0.7662176413667826, 0.7588606275190597, 0.7245737262998068, 0.3060641425497966, 0.6962588844762709]
[0.7662176413667826, 0.7588606275190597, 0.7245737262998068, 0.3060641425497966, 0.6962588844762709]
Altitude: 0 Formation: 0 ECM: 0
target: 1 threat: 0
Reward: 0.0 Principal: 1 Interest: 0.0

time: 1
[0.8001218001111912, 0.22760825623664432, 0.2864953354185062, 0.26376030064606804, 0.670974421940798]
[0.8185757223308369, 0.42861448820705716, 0.20590523116047182, 0.4368556435723891, 0.670974421940798]
Altitude: 0 Formation: 0 ECM: 0
target: 1 threat: 0
Reward: 0.0 Principal: 1 Interest: 0.0

time: 2
[0.19745372418582635, 0.25587232744687216, 0.7234558051691626, 0.724694575046109, 0.6145611706804507]
[0.2541313986575031, 0.1301569616308679, 0.614109461620079, 0.7330323996742514, 0.6145611706804507]
Altitude: 0 Formation: 0 ECM: 0
target: 0 threat: 0
Reward: 0.0 Principal: 1 Interest: 0.0

time: 3
[0.22249777546288385, 0.7306784822262598, 0.6929934371278677, 0.6744287361641254, 0.6812796841077464]
[0.0676433187989272, 0.7550005518974093, 0.8306275394862672, 0.6682523640839049, 0.6812796841077464]
Altitude: 0 Formation: 0 ECM: 0
target: 0 threat: 0
Reward: 0.0 Principal: 1 Interest: 0.0

time: 4
[0.7729095064878408, 0.7543629964514694, 0.7045876788442654, 0.7101721710421721, 0.8293111109316723]
[0.8692741149419421, 0.9097324118007387, 0.7893087404738343, 0.7303845761030332, 0.8293111109316723]
Altitude: 0 Formation: 0 ECM: 0
target: 1 threat: 0
Reward: 0.0 Principal: 1 Interest: 0.0

time: 5
[0.23547764045460548, 0.7136352354262672, 0.29089913192849826, 0.7392904356698452, 0.7585115184885746]
[0.8285759825856521, 0.8723643574857298, 0.6138278126757073, 0.8239082965732862, 0.7585115184885746]
Altitude: 0 Formation: 0 ECM: 0
target: 1 threat: 1
Reward: 10.0 Principal: 1 Interest: 0.0

time: 6
[0.7624941340875074, 0.7615229150063642, 0.7067014573516942, 0.7235173837048967, 0.7235173837048967]
[0.9344357229027238, 0.7713893955890961, 0.8960224039494165, 0.7803513039542049, 0.7235173837048967]
Altitude: 0 Formation: 0 ECM: 0
target: 1 threat: 1
Reward: 10.0 Principal: 1 Interest: 0.0

time: 7
[0.7891349279361848, 0.7623393981301703, 0.7334038571311956, 0.7334038571311956, 0.7334038571311956]
[0.8844543606610158, 0.9476393665445613, 0.8766338413921474, 0.7669097965320507, 0.7334038571311956]
Altitude: 0 Formation: 0 ECM: 0
target: 1 threat: 1
Reward: 10.0 Principal: 1 Interest: 0.0

time: 8
[0.7788775936645701, 0.7556125381322955, 0.7556125381322955, 0.7556125381322955, 0.7556125381322955]
[0.9753925568513849, 0.9360309613617886, 0.8756782149501735, 0.7838941257764863, 0.7556125381322955]
Altitude: 0 Formation: 0 ECM: 0
target: 1 threat: 1
Reward: 10.0 Principal: 1 Interest: 0.0

time: 9
[0.7729536423506258, 0.7729536423506258, 0.7729536423506258, 0.7729536423506258, 0.7729536423506258]
[0.9692052667328448, 0.9386213381801578, 0.8910062415235913, 0.8037955546738103, 0.7729536423506258]
Altitude: 0 Formation: 0 ECM: 0
target: 1 threat: 1
Reward: 10.0 Principal: 1 Interest: 0.0
total reward = 50.0, total principal = 10, total interest = 0.0
