
time: 0
[0.804601178111152, 0.7511769772231335, 0.7049543747217374, 0.22645027480817814, 0.690464718647437]
[0.804601178111152, 0.7511769772231335, 0.7049543747217374, 0.22645027480817814, 0.690464718647437]
Altitude: 0 Formation: 0 ECM: 0
target: 1 threat: 1
Reward: 10.0 Principal: 1 Interest: 0.0

time: 1
[0.7962069568542985, 0.7672432180087855, 0.3017162119853744, 0.7069627616433148, 0.34839964127325723]
[0.813124510908868, 0.7754997484962112, 0.17110896686208657, 0.7337787417172255, 0.34839964127325723]
Altitude: 0 Formation: 0 ECM: 0
target: 1 threat: 0
Reward: 0.0 Principal: 1 Interest: 0.0

time: 2
[0.23086415325396012, 0.2701749295394063, 0.6898180465146779, 0.25714126602478776, 0.7465330371145495]
[0.6273781327950378, 0.11296141855480518, 0.8298596580068909, 0.21209905854938604, 0.7465330371145495]
Altitude: 0 Formation: 0 ECM: 0
target: 0 threat: 0
Reward: 0.0 Principal: 1 Interest: 0.0

time: 3
[0.23740432251906596, 0.7009253225814519, 0.28548736084843057, 0.7774688333997058, 0.6951808308598962]
[0.06116435167721175, 0.8954453621027186, 0.14538705448618675, 0.8016328235395953, 0.6951808308598962]
Altitude: 0 Formation: 0 ECM: 0
target: 0 threat: 0
Reward: 0.0 Principal: 1 Interest: 0.0

time: 4
[0.7895282172253841, 0.24795559057536826, 0.704379775231843, 0.6952792133296672, 0.7231464860290556]
[0.9509947851262446, 0.08174126653344403, 0.8810628505020893, 0.7297253465004584, 0.7231464860290556]
Altitude: 0 Formation: 0 ECM: 0
target: 1 threat: 0
Reward: 0.0 Principal: 1 Interest: 0.0

time: 5
[0.22968384159213986, 0.7599691342984978, 0.7378551691893193, 0.7165208655033931, 0.27935047096371274]
[0.04110449324757761, 0.9392259662538273, 0.8461627300074165, 0.757520783185924, 0.27935047096371274]
Altitude: 0 Formation: 0 ECM: 0
target: 0 threat: 0
Reward: 0.0 Principal: 1 Interest: 0.0

time: 6
[0.21091169582112768, 0.7428742787053438, 0.7053644476570138, 0.3546456136746792, 0.3546456136746792]
[0.872896764847537, 0.9160658501198201, 0.8522463917601435, 0.22861637574974275, 0.3546456136746792]
Altitude: 0 Formation: 0 ECM: 0
target: 1 threat: 1
Reward: 10.0 Principal: 1 Interest: 0.0

time: 7
[0.7513146160323674, 0.7460794680142059, 0.7308450503120186, 0.7308450503120186, 0.7308450503120186]
[0.9564993112431329, 0.9203348767729079, 0.3980176279443005, 0.533020177462724, 0.7308450503120186]
Altitude: 0 Formation: 0 ECM: 0
target: 1 threat: 0
Reward: 0.0 Principal: 1 Interest: 0.0

time: 8
[0.7666413538491352, 0.2309981137058572, 0.2309981137058572, 0.2309981137058572, 0.2309981137058572]
[0.9605967529204583, 0.2423930248397284, 0.36275839033498297, 0.43619594972217257, 0.2309981137058572]
Altitude: 0 Formation: 0 ECM: 0
target: 1 threat: 0
Reward: 0.0 Principal: 1 Interest: 0.0

time: 9
[0.22275746897493134, 0.22275746897493134, 0.22275746897493134, 0.22275746897493134, 0.22275746897493134]
[0.12974445493419695, 0.2120647369240595, 0.2762411833596292, 0.13609080706335394, 0.22275746897493134]
Altitude: 0 Formation: 0 ECM: 0
target: 0 threat: 0
Reward: 0.0 Principal: 1 Interest: 0.0
total reward = 20.0, total principal = 10, total interest = 0.0
