
time: 0
[0.22735932637887882, 0.7886876722064327, 0.7161414080276601, 0.1930108934314392, 0.705473484751397]
[0.22735932637887882, 0.7886876722064327, 0.7161414080276601, 0.1930108934314392, 0.705473484751397]
Altitude: 0 Formation: 0 ECM: 0
target: 0 threat: 0
Reward: 0.0 Principal: 1 Interest: 0.0

time: 1
[0.7588777853331253, 0.7679382407430378, 0.2448390561696752, 0.7838785214861117, 0.6915849508551176]
[0.8130640218658071, 0.7815943896603593, 0.12854643629338228, 0.7847487060870182, 0.6915849508551176]
Altitude: 0 Formation: 0 ECM: 0
target: 1 threat: 0
Reward: 0.0 Principal: 1 Interest: 0.0

time: 2
[0.20083962603447358, 0.23987845115529724, 0.7339926487847065, 0.6979262536356722, 0.7739282854354916]
[0.6130454419877933, 0.07877132008850406, 0.8795535166216921, 0.7291789313709285, 0.7739282854354916]
Altitude: 0 Formation: 0 ECM: 0
target: 1 threat: 0
Reward: 0.0 Principal: 1 Interest: 0.0

time: 3
[0.2158623752022751, 0.7616923324250682, 0.7525823332401481, 0.674862225438216, 0.6375614958843968]
[0.039900301249962786, 0.9387087441353474, 0.851491366679964, 0.7636130849182865, 0.6375614958843968]
Altitude: 0 Formation: 0 ECM: 0
target: 0 threat: 0
Reward: 0.0 Principal: 1 Interest: 0.0

time: 4
[0.7469129351270104, 0.7623507522109675, 0.7549702642825099, 0.7264701920582554, 0.35693094737200615]
[0.9681932061786465, 0.9234430401930445, 0.8735158816884809, 0.7149468595558474, 0.35693094737200615]
Altitude: 0 Formation: 0 ECM: 0
target: 1 threat: 0
Reward: 0.0 Principal: 1 Interest: 0.0

time: 5
[0.786311996801713, 0.7838143552291739, 0.7288774964400443, 0.27103375611974695, 0.27054852769096843]
[0.9643452234075565, 0.939426509137738, 0.8328847412791125, 0.22493609895105582, 0.27054852769096843]
Altitude: 0 Formation: 0 ECM: 0
target: 1 threat: 0
Reward: 0.0 Principal: 1 Interest: 0.0

time: 6
[0.7620647567552002, 0.7585259684297467, 0.23206710563208216, 0.2676355920330141, 0.2676355920330141]
[0.9699381189939883, 0.912060796980613, 0.13325098599370014, 0.17701535793062093, 0.2676355920330141]
Altitude: 0 Formation: 0 ECM: 0
target: 1 threat: 1
Reward: 10.0 Principal: 1 Interest: 0.0

time: 7
[0.7587617377271235, 0.7603590471051577, 0.263446848975735, 0.263446848975735, 0.263446848975735]
[0.955300104748318, 0.25622607890430843, 0.11448645669216129, 0.1733816365129865, 0.263446848975735]
Altitude: 0 Formation: 0 ECM: 0
target: 1 threat: 0
Reward: 0.0 Principal: 1 Interest: 0.0

time: 8
[0.7817994551429703, 0.23395258235758226, 0.23395258235758226, 0.23395258235758226, 0.23395258235758226]
[0.43634983423867074, 0.06136011446772343, 0.10294113258138257, 0.15650355559771398, 0.23395258235758226]
Altitude: 0 Formation: 0 ECM: 0
target: 0 threat: 0
Reward: 0.0 Principal: 1 Interest: 0.0

time: 9
[0.23561677094465874, 0.23561677094465874, 0.23561677094465874, 0.23561677094465874, 0.23561677094465874]
[0.03122931591783412, 0.055375763707491234, 0.09363409141570056, 0.14338330719526854, 0.23561677094465874]
Altitude: 0 Formation: 0 ECM: 0
target: 0 threat: 0
Reward: 0.0 Principal: 1 Interest: 0.0
total reward = 10.0, total principal = 10, total interest = 0.0
