
time: 0
[0.7887486317478527, 0.7572410232568567, 0.7601474518595603, 0.7391828752259164, 0.426528545621277]
[0.7887486317478527, 0.7572410232568567, 0.7601474518595603, 0.7391828752259164, 0.426528545621277]
Altitude: 0 Formation: 0 ECM: 0
target: 1 threat: 1
Reward: 10.0 Principal: 1 Interest: 0.0

time: 1
[0.785317870458263, 0.74003351055941, 0.2495038831986199, 0.2576418005298675, 0.7167686463433396]
[0.8106524356405542, 0.7896152397858127, 0.45784858005873497, 0.2558336121767969, 0.7167686463433396]
Altitude: 0 Formation: 0 ECM: 0
target: 1 threat: 0
Reward: 0.0 Principal: 1 Interest: 0.0

time: 2
[0.7975203889037656, 0.28686437611076654, 0.26527531418737793, 0.6780733276161187, 0.2900074656136293]
[0.9012821003042957, 0.33650094077876985, 0.16701081556970757, 0.7324130459782372, 0.2900074656136293]
Altitude: 0 Formation: 0 ECM: 0
target: 1 threat: 0
Reward: 0.0 Principal: 1 Interest: 0.0

time: 3
[0.21469617836067892, 0.2723006780762407, 0.7326550221321513, 0.312334757262916, 0.565577129644536]
[0.18977303665028708, 0.10113619286640206, 0.8458962982387362, 0.21130417898237308, 0.565577129644536]
Altitude: 0 Formation: 0 ECM: 0
target: 0 threat: 0
Reward: 0.0 Principal: 1 Interest: 0.0

time: 4
[0.22115328531019843, 0.745376228082805, 0.24565883222093943, 0.7082280027244817, 0.676766211097732]
[0.04996517291027082, 0.9164834037729204, 0.12983243590527677, 0.6597561510359621, 0.676766211097732]
Altitude: 0 Formation: 0 ECM: 0
target: 0 threat: 0
Reward: 0.0 Principal: 1 Interest: 0.0

time: 5
[0.7788824661212804, 0.23313713894984442, 0.743976379524612, 0.7514683263946569, 0.6598616084488659]
[0.9600746048020846, 0.06964028753198602, 0.8022427617063963, 0.7518024557131954, 0.6598616084488659]
Execute OnECM
Execute GoTight
Altitude: 0 Formation: 1 ECM: 1
target: 1 threat: 1
Reward: 10.0 Principal: 2 Interest: 0.5

time: 6
[0.22441540239740485, 0.7644092564966131, 0.6919736782506952, 0.23467525674086415, 0.23467525674086415]
[0.03433457702474281, 0.8958943865966756, 0.8433675163188753, 0.3871322579872715, 0.23467525674086415]
Execute OffECM
Altitude: 0 Formation: 1 ECM: 0
target: 0 threat: 1
Reward: 7.692307692307692 Principal: 1 Interest: 0.0

time: 7
[0.7852274144096782, 0.7509882149140973, 0.24795508840943928, 0.24795508840943928, 0.24795508840943928]
[0.9505940623442284, 0.9163053036604625, 0.25357215128383764, 0.1495062768235192, 0.24795508840943928]
Altitude: 0 Formation: 1 ECM: 0
target: 1 threat: 1
Reward: 10.0 Principal: 1 Interest: 0.0

time: 8
[0.7865831042625524, 0.24291962429595707, 0.24291962429595707, 0.24291962429595707, 0.24291962429595707]
[0.9608955155304439, 0.1471592213212914, 0.09161751889186331, 0.15347128938859506, 0.24291962429595707]
Altitude: 0 Formation: 1 ECM: 0
target: 1 threat: 1
Reward: 10.0 Principal: 1 Interest: 0.0

time: 9
[0.7796118807799676, 0.7796118807799676, 0.7796118807799676, 0.7796118807799676, 0.7796118807799676]
[0.27974552645223666, 0.1974562838926454, 0.3331005349515568, 0.48437919716107736, 0.7796118807799676]
Execute GoLoose
Altitude: 0 Formation: 0 ECM: 0
target: 0 threat: 0
Reward: 0.0 Principal: 2 Interest: 0.0
total reward = 47.69230769230769, total principal = 12, total interest = 0.5
