
time: 0
[0.21640710546987704, 0.7376090280393959, 0.7054534349306161, 0.29935449255063123, 0.34277040977346424]
[0.21640710546987704, 0.7376090280393959, 0.7054534349306161, 0.29935449255063123, 0.34277040977346424]
Altitude: 0 Formation: 0 ECM: 0
target: 0 threat: 0
Reward: 0.0 Principal: 1 Interest: 0.0

time: 1
[0.7680983993723973, 0.7218635420406286, 0.264799778978566, 0.3103321500889924, 0.3318555778295225]
[0.7924859648516358, 0.750712008380952, 0.19043190305561392, 0.24029768673343835, 0.3318555778295225]
Altitude: 0 Formation: 0 ECM: 0
target: 1 threat: 0
Reward: 0.0 Principal: 1 Interest: 0.0

time: 2
[0.787705561525636, 0.21809706126759837, 0.7444020271384911, 0.2441164251211691, 0.4708606537505813]
[0.8769986594147537, 0.10778719534976972, 0.42198062018988675, 0.19590287141281726, 0.4708606537505813]
Altitude: 0 Formation: 0 ECM: 0
target: 1 threat: 0
Reward: 0.0 Principal: 1 Interest: 0.0

time: 3
[0.22922958171893815, 0.2745167607943637, 0.7434659009047263, 0.22612624433543982, 0.6955076224281564]
[0.05691316917474043, 0.2871130137416326, 0.3659496945688786, 0.2602974744722158, 0.6955076224281564]
Altitude: 0 Formation: 0 ECM: 0
target: 0 threat: 0
Reward: 0.0 Principal: 1 Interest: 0.0

time: 4
[0.20807379951777444, 0.2469741646765941, 0.2670892936811877, 0.727259647658281, 0.7963714843061459]
[0.1517656702605167, 0.22731798024361985, 0.17109712545300823, 0.7482498604677913, 0.7963714843061459]
Altitude: 0 Formation: 0 ECM: 0
target: 0 threat: 1
Reward: 10.0 Principal: 1 Interest: 0.0

time: 5
[0.7877430066463939, 0.21846187687122937, 0.7714867152833618, 0.7033218792895457, 0.7275880819544772]
[0.4028552134287098, 0.0892207412017093, 0.8700017131200193, 0.7903760844642972, 0.7275880819544772]
Execute OnECM
Altitude: 0 Formation: 0 ECM: 1
target: 0 threat: 0
Reward: 0.0 Principal: 1 Interest: 0.5

time: 6
[0.2408316687354957, 0.7633403013599958, 0.6898148551093455, 0.32328912516623043, 0.32328912516623043]
[0.04652754534188101, 0.9338268735165947, 0.8690409788679947, 0.5070340582069999, 0.32328912516623043]
Execute OffECM
Altitude: 0 Formation: 0 ECM: 0
target: 0 threat: 1
Reward: 10.0 Principal: 1 Interest: 0.0

time: 7
[0.7807369795581258, 0.23720177888157218, 0.2408833862867633, 0.2408833862867633, 0.2408833862867633]
[0.9688405941678855, 0.7629515645624987, 0.3468950976128362, 0.1896910018080821, 0.2408833862867633]
Altitude: 0 Formation: 0 ECM: 0
target: 1 threat: 0
Reward: 0.0 Principal: 1 Interest: 0.0

time: 8
[0.7704762828859062, 0.2898994560844392, 0.2898994560844392, 0.2898994560844392, 0.2898994560844392]
[0.8733216974355897, 0.2356731684283012, 0.13180992525346086, 0.172896486210776, 0.2898994560844392]
Altitude: 0 Formation: 0 ECM: 0
target: 1 threat: 1
Reward: 10.0 Principal: 1 Interest: 0.0

time: 9
[0.22369335749269853, 0.22369335749269853, 0.22369335749269853, 0.22369335749269853, 0.22369335749269853]
[0.1259737157329542, 0.0687855837438676, 0.09953914241454406, 0.16396238973079846, 0.22369335749269853]
Altitude: 0 Formation: 0 ECM: 0
target: 0 threat: 0
Reward: 0.0 Principal: 1 Interest: 0.0
total reward = 30.0, total principal = 10, total interest = 0.5
