
time: 0
[0.23229904551742445, 0.7592710643840205, 0.718012238777888, 0.30423404385452846, 0.3609466045390147, 0.3609466045390147]
[0.23229904551742445, 0.7592710643840205, 0.718012238777888, 0.30423404385452846, 0.3609466045390147]
Execute IncAlt
Execute GoTight
Execute OnECM
Altitude: 0 Formation: 1 ECM: 1
target: 0 threat: 1
Reward: 6.41025641025641 Principal: 3 Interest: 0.5

time: 1
Finish IncAlt
[0.21331581766969446, 0.7419607130054215, 0.25071179501624646, 0.23113821124585698, 0.7000249351223913, 0.7000249351223913]
[0.44330548540598697, 0.7686040245773199, 0.18533809869859402, 0.2035130536969278, 0.7000249351223913]
Execute IncAlt
Altitude: 1 Formation: 1 ECM: 1
target: 1 threat: 1
Reward: 10.0 Principal: 2 Interest: 0.5

time: 2
Finish IncAlt
[0.7892245516271224, 0.24651952662573845, 0.31028461310975386, 0.7499121064719342, 0.28847111455532604, 0.28847111455532604]
[0.8874831339043546, 0.11411445473610286, 0.14902791887935543, 0.7634053840679428, 0.28847111455532604]
Execute IncAlt
Execute GoLoose
Execute OffECM
Altitude: 2 Formation: 0 ECM: 0
target: 1 threat: 1
Reward: 10.0 Principal: 3 Interest: 0.0

time: 3
Finish IncAlt
[0.22598475799822995, 0.24765376650793844, 0.7257134712914535, 0.2769903756550544, 0.6774737917077821, 0.6774737917077821]
[0.05971863288888558, 0.08381596966655933, 0.8633772099685606, 0.1912692818488841, 0.6774737917077821]
Execute IncAlt
Altitude: 3 Formation: 0 ECM: 0
target: 0 threat: 0
Reward: 0.0 Principal: 2 Interest: 0.0

time: 4
Finish IncAlt
[0.20553053331341314, 0.7375134804902427, 0.3027431880407309, 0.6969204778576003, 0.6436909773812705, 0.6436909773812705]
[0.03920085700198142, 0.9249974102400177, 0.13745227144004718, 0.7203695557964186, 0.6436909773812705]
Execute IncAlt
Altitude: 4 Formation: 0 ECM: 0
target: 0 threat: 0
Reward: 0.0 Principal: 2 Interest: 0.0

time: 5
Finish IncAlt
[0.7955686843000237, 0.263243266027368, 0.7295165838497945, 0.6928676760902858, 0.32355117934267685, 0.32355117934267685]
[0.9660653098486701, 0.08053555378312184, 0.8367291965293501, 0.6978385453433381, 0.32355117934267685]
Execute DecAlt
Execute GoTight
Execute OnECM
Altitude: 5 Formation: 1 ECM: 1
target: 1 threat: 1
Reward: 10.0 Principal: 3 Interest: 0.5

time: 6
Finish DecAlt
[0.20571967272696814, 0.7434275432018799, 0.7403159449370514, 0.31067642116490607, 0.31067642116490607, 0.31067642116490607]
[0.03763215833216778, 0.9106284791008987, 0.8262707562951428, 0.2294110558299372, 0.31067642116490607]
Execute IncAlt
Altitude: 4 Formation: 1 ECM: 1
target: 0 threat: 1
Reward: 0.0 Principal: 2 Interest: 0.5

time: 7
Finish IncAlt
[0.7921861771698212, 0.7429776116681845, 0.2732058545582372, 0.2732058545582372, 0.2732058545582372, 0.2732058545582372]
[0.9588073557409363, 0.9042836565264818, 0.15221988621100646, 0.20102248342141762, 0.2732058545582372]
Execute DecAlt
Execute GoLoose
Execute OffECM
Altitude: 5 Formation: 0 ECM: 0
target: 1 threat: 0
Reward: 10.0 Principal: 3 Interest: 0.0

time: 8
Finish DecAlt
[0.7825582456678419, 0.2560685542777425, 0.2560685542777425, 0.2560685542777425, 0.2560685542777425, 0.2560685542777425]
[0.954429679301953, 0.0877207820349492, 0.12713570602083374, 0.17242380580414715, 0.2560685542777425]
Execute DecAlt
Altitude: 4 Formation: 0 ECM: 0
target: 1 threat: 0
Reward: 10.0 Principal: 2 Interest: 0.0

time: 9
Finish DecAlt
[0.23163745790890358, 0.23163745790890358, 0.23163745790890358, 0.23163745790890358, 0.23163745790890358, 0.23163745790890358]
[0.04446005590816346, 0.06784625967795553, 0.10167401703287522, 0.15186685780932246, 0.23163745790890358]
Altitude: 3 Formation: 0 ECM: 0
target: 0 threat: 0
Reward: 0.0 Principal: 1 Interest: 0.0
total reward = 56.41025641025641, total principal = 23, total interest = 2.0
