
time: 0
[0.7907619011676049, 0.7373714358748991, 0.7747859480119106, 0.3071792859546996, 0.7803877097275412, 0.7803877097275412]
[0.7907619011676049, 0.7373714358748991, 0.7747859480119106, 0.3071792859546996, 0.7803877097275412]
Altitude: 0 Formation: 0 ECM: 0
target: 0 threat: 0
Reward: 0.0 Principal: 1 Interest: 0.0

time: 1
[0.7930154314106926, 0.7716509404014893, 0.2522426518949587, 0.6418866040248717, 0.7110065577782682, 0.7110065577782682]
[0.8050416270172938, 0.8124114972238513, 0.1876776021494148, 0.7499466802884018, 0.7110065577782682]
Altitude: 0 Formation: 0 ECM: 0
target: 1 threat: 0
Reward: 0.0 Principal: 1 Interest: 0.0

time: 2
[0.7880096464790295, 0.25802949011932697, 0.6917396182919473, 0.723792063877921, 0.7089792267713091, 0.7089792267713091]
[0.9107106211314471, 0.11941325607589458, 0.8420345566806365, 0.7548517245972197, 0.7089792267713091]
Execute IncAlt
Altitude: 0 Formation: 0 ECM: 0
target: 1 threat: 0
Reward: 0.0 Principal: 2 Interest: 0.0

time: 3
Finish IncAlt
[0.23241215976321236, 0.7472009529467925, 0.7329126270967182, 0.7348938833135235, 0.677885596346472, 0.677885596346472]
[0.06376846081324412, 0.9146584421883132, 0.8604406611463502, 0.7598958388519413, 0.677885596346472]
Execute IncAlt
Altitude: 1 Formation: 0 ECM: 0
target: 0 threat: 0
Reward: 0.0 Principal: 2 Interest: 0.0

time: 4
Finish IncAlt
[0.7901436538363138, 0.7607517446737238, 0.7260862030479147, 0.6382590204438969, 0.21804947997608332, 0.21804947997608332]
[0.9605145606326279, 0.928072871457407, 0.8612489886214563, 0.6851763766626596, 0.21804947997608332]
Execute IncAlt
Altitude: 2 Formation: 0 ECM: 0
target: 1 threat: 0
Reward: 5.0 Principal: 2 Interest: 0.0

time: 5
Finish IncAlt
[0.78050994184004, 0.763529776030992, 0.7254054505189214, 0.2569568859668472, 0.3282109526301813, 0.3282109526301813]
[0.9660001953784267, 0.9290789055502267, 0.8110924606781306, 0.14570512013427578, 0.3282109526301813]
Execute IncAlt
Altitude: 3 Formation: 0 ECM: 0
target: 1 threat: 0
Reward: 7.5 Principal: 2 Interest: 0.0

time: 6
Finish IncAlt
[0.7680049643094526, 0.7523141811799696, 0.2857516173036236, 0.30315715942643023, 0.30315715942643023, 0.30315715942643023]
[0.9652247206284821, 0.8977058298696069, 0.1013962426828106, 0.2277094899446283, 0.30315715942643023]
Execute IncAlt
Execute GoTight
Execute OnECM
Altitude: 4 Formation: 1 ECM: 1
target: 1 threat: 1
Reward: 10.0 Principal: 3 Interest: 0.5

time: 7
Finish IncAlt
[0.7848060079235992, 0.2450155868474234, 0.23061815417866233, 0.23061815417866233, 0.23061815417866233, 0.23061815417866233]
[0.951440723918612, 0.05610015776338886, 0.1343611007698631, 0.17402512854344343, 0.23061815417866233]
Execute DecAlt
Execute GoLoose
Execute OffECM
Altitude: 5 Formation: 0 ECM: 0
target: 1 threat: 0
Reward: 10.0 Principal: 3 Interest: 0.0

time: 8
Finish DecAlt
[0.2251999893151616, 0.24402143755400552, 0.24402143755400552, 0.24402143755400552, 0.24402143755400552, 0.24402143755400552]
[0.02763855822918195, 0.07448918742134283, 0.10648427813499743, 0.1457296977689573, 0.24402143755400552]
Altitude: 4 Formation: 0 ECM: 0
target: 0 threat: 0
Reward: 0.0 Principal: 1 Interest: 0.0

time: 9
[0.7872294028569674, 0.7872294028569674, 0.7872294028569674, 0.7872294028569674, 0.7872294028569674, 0.7872294028569674]
[0.15812007782640033, 0.22749274629754543, 0.3270658183070806, 0.49146664225587133, 0.7872294028569674]
Execute DecAlt
Altitude: 4 Formation: 0 ECM: 0
target: 0 threat: 0
Reward: 0.0 Principal: 2 Interest: 0.0
total reward = 32.5, total principal = 19, total interest = 0.5
