
time: 0
[0.2175345437727242, 0.2643530072708817, 0.28116176402909077, 0.7416320452988484, 0.3956208243307671]
[0.2175345437727242, 0.2643530072708817, 0.28116176402909077, 0.7416320452988484, 0.3956208243307671]
Execute OnECM
Altitude: 0 Formation: 0 ECM: 1
target: 0 threat: 0
Reward: 0.0 Principal: 1 Interest: 0.5

time: 1
[0.20976442732260864, 0.24932234581367788, 0.7020621441452641, 0.28258746893064524, 0.724837568792799]
[0.14507062972744672, 0.1729382536601241, 0.7598981197713724, 0.25395156869883034, 0.724837568792799]
Execute OffECM
Altitude: 0 Formation: 0 ECM: 0
target: 0 threat: 0
Reward: 0.0 Principal: 0 Interest: 0.0

time: 2
[0.22066305110075374, 0.75638154946956, 0.31938104469653494, 0.7591735724045994, 0.2425131743572781]
[0.09863662152490035, 0.8717349650074705, 0.18976867337596495, 0.7813791348816184, 0.2425131743572781]
Altitude: 0 Formation: 0 ECM: 0
target: 0 threat: 0
Reward: 0.0 Principal: 1 Interest: 0.0

time: 3
[0.7728174895189731, 0.24127874330690105, 0.7111702752756901, 0.3007423522270738, 0.7387878874449102]
[0.9365147895474976, 0.10628830528425294, 0.8700554814377736, 0.17916542409537803, 0.7387878874449102]
Altitude: 0 Formation: 0 ECM: 0
target: 1 threat: 1
Reward: 10.0 Principal: 0 Interest: 0.0

time: 4
[0.22423602951775257, 0.7633006042070338, 0.25720554154151376, 0.7066325063269919, 0.6227769958615723]
[0.05310598921852082, 0.9338473510831944, 0.11382337265087884, 0.7607817880168113, 0.6227769958615723]
Altitude: 0 Formation: 0 ECM: 0
target: 0 threat: 0
Reward: 0.0 Principal: 1 Interest: 0.0

time: 5
[0.7942761555192908, 0.2501386540021088, 0.6896397830757209, 0.7525481688688502, 0.3468982567469458]
[0.970103141249753, 0.06399056453995852, 0.8487087686045354, 0.7225350921375879, 0.3468982567469458]
Execute OnECM
Altitude: 0 Formation: 0 ECM: 1
target: 1 threat: 0
Reward: 1.6666666666666663 Principal: 0 Interest: 0.5

time: 6
[0.22272789250040573, 0.7340622576521109, 0.29441918019100244, 0.27421439172694595, 0.27421439172694595]
[0.03133845255965484, 0.9155582787258868, 0.6071216728492306, 0.22127484566512642, 0.27421439172694595]
Execute OffECM
Altitude: 0 Formation: 0 ECM: 0
target: 0 threat: 1
Reward: 10.0 Principal: 1 Interest: 0.0

time: 7
[0.7697503213597158, 0.7603027077342414, 0.1939079347400534, 0.1939079347400534, 0.1939079347400534]
[0.9585073119524747, 0.7657824678041208, 0.11696595997081487, 0.14175044354273944, 0.1939079347400534]
Altitude: 0 Formation: 0 ECM: 0
target: 1 threat: 1
Reward: 10.0 Principal: 0 Interest: 0.0

time: 8
[0.7724937474927739, 0.2741196401332265, 0.2741196401332265, 0.2741196401332265, 0.2741196401332265]
[0.8756899763024966, 0.07050783713774425, 0.09562850885069862, 0.14170856804263562, 0.2741196401332265]
Altitude: 0 Formation: 0 ECM: 0
target: 1 threat: 0
Reward: 0.0 Principal: 1 Interest: 0.0

time: 9
[0.21679826913223407, 0.21679826913223407, 0.21679826913223407, 0.21679826913223407, 0.21679826913223407]
[0.03397901299822579, 0.04855543732931854, 0.08030678928461334, 0.15301756487041374, 0.21679826913223407]
Altitude: 0 Formation: 0 ECM: 0
target: 0 threat: 0
Reward: 0.0 Principal: 0 Interest: 0.0
total reward = 31.666666666666664, total principal = 5, total interest = 1.0
