
time: 0
[0.23093611278070256, 0.7507017456254957, 0.26871202690866297, 0.28344299945954865, 0.33605275471905544]
[0.23093611278070256, 0.7507017456254957, 0.26871202690866297, 0.28344299945954865, 0.33605275471905544]
Altitude: 0 Formation: 0 ECM: 0
target: 0 threat: 1
Reward: 10.0 Principal: 1 Interest: 0.0

time: 1
[0.7687460425891477, 0.2530562215935047, 0.2696487756930593, 0.34373227097689274, 0.6604677411050153]
[0.7992990437250046, 0.1686378947281115, 0.1847275660066673, 0.25630632406434434, 0.6604677411050153]
Execute OnECM
Altitude: 0 Formation: 0 ECM: 1
target: 1 threat: 0
Reward: 1.6666666666666663 Principal: 1 Interest: 0.5

time: 2
[0.2313396340843677, 0.7527087176497503, 0.2105953695819893, 0.7515664461054525, 0.7420136265214601]
[0.09938938261498793, 0.35761803344384174, 0.14384298261235326, 0.7429730125211678, 0.7420136265214601]
Execute OffECM
Altitude: 0 Formation: 0 ECM: 0
target: 0 threat: 1
Reward: 10.0 Principal: 1 Interest: 0.0

time: 3
[0.22541130447056837, 0.23701302765583293, 0.706931409497467, 0.7425568626829362, 0.7056694600581802]
[0.20986584656741253, 0.07835844674725688, 0.8430246257485134, 0.7815295394838532, 0.7056694600581802]
Altitude: 0 Formation: 0 ECM: 0
target: 0 threat: 0
Reward: 0.0 Principal: 1 Interest: 0.0

time: 4
[0.21796174292767712, 0.7392493060111084, 0.7376534677241519, 0.3023183149389715, 0.6964688744608363]
[0.037996455785019624, 0.913370779585202, 0.8787147140587134, 0.47425648842251406, 0.6964688744608363]
Altitude: 0 Formation: 0 ECM: 0
target: 0 threat: 0
Reward: 0.0 Principal: 1 Interest: 0.0

time: 5
[0.7611122510155739, 0.2737148521640064, 0.7217057477721012, 0.6749002247427657, 0.7170765570522799]
[0.9562945837909205, 0.7967340595585863, 0.6459818313327137, 0.7185920980632157, 0.7170765570522799]
Altitude: 0 Formation: 0 ECM: 0
target: 1 threat: 0
Reward: 0.0 Principal: 1 Interest: 0.0

time: 6
[0.7640651657297104, 0.7499761966088893, 0.6962630246378652, 0.6931648513372889, 0.6931648513372889]
[0.8916261839879854, 0.7888140047250487, 0.8217647978862712, 0.7411374293615819, 0.6931648513372889]
Altitude: 0 Formation: 0 ECM: 0
target: 1 threat: 1
Reward: 10.0 Principal: 1 Interest: 0.0

time: 7
[0.780292804879107, 0.7469288479169834, 0.7493743015218834, 0.7493743015218834, 0.7493743015218834]
[0.8917821643900278, 0.9026128555343603, 0.8577653606625392, 0.7594440846841357, 0.7493743015218834]
Altitude: 0 Formation: 0 ECM: 0
target: 1 threat: 1
Reward: 10.0 Principal: 1 Interest: 0.0

time: 8
[0.23868902221092472, 0.7549209639311621, 0.7549209639311621, 0.7549209639311621, 0.7549209639311621]
[0.8178192106513837, 0.9253813678227225, 0.8709692526242702, 0.7916605183025172, 0.7549209639311621]
Altitude: 0 Formation: 0 ECM: 0
target: 1 threat: 1
Reward: 10.0 Principal: 1 Interest: 0.0

time: 9
[0.7753562054536771, 0.7753562054536771, 0.7753562054536771, 0.7753562054536771, 0.7753562054536771]
[0.9641284361661753, 0.9365760955381486, 0.8960567233969849, 0.8046483419927611, 0.7753562054536771]
Altitude: 0 Formation: 0 ECM: 0
target: 1 threat: 0
Reward: 0.0 Principal: 1 Interest: 0.0
total reward = 51.666666666666664, total principal = 10, total interest = 0.5
