
time: 0
[0.21642815031961488, 0.7634413140678066, 0.28209769850352695, 0.7038636620292321, 0.5793355909531487, 0.5793355909531487]
[0.21642815031961488, 0.7634413140678066, 0.28209769850352695, 0.7038636620292321, 0.5793355909531487]
Altitude: 0 Formation: 0 ECM: 0
target: 1 threat: 0
Reward: 0.0 Principal: 1 Interest: 0.0

time: 1
[0.77545890547096, 0.7479063821572427, 0.25699625551774286, 0.7766816555277388, 0.6085195909295263, 0.6085195909295263]
[0.8088063159263168, 0.49083573121980334, 0.43709387837444824, 0.7130898729272103, 0.6085195909295263]
Altitude: 0 Formation: 0 ECM: 0
target: 1 threat: 0
Reward: 0.0 Principal: 1 Interest: 0.0

time: 2
[0.22546397246009595, 0.748711931701957, 0.7208231508422084, 0.7729384487508143, 0.7189297619463195, 0.7189297619463195]
[0.3223433712654384, 0.6322358811947443, 0.828411869870096, 0.727186252992075, 0.7189297619463195]
Execute IncAlt
Altitude: 0 Formation: 0 ECM: 0
target: 0 threat: 0
Reward: 0.0 Principal: 2 Interest: 0.0

time: 3
Finish IncAlt
[0.23348713139175986, 0.7674143839226766, 0.6816015648488208, 0.7383437180835879, 0.29656358840601726, 0.29656358840601726]
[0.45381420277724527, 0.9117106000266948, 0.82186283706978, 0.7671312968256156, 0.29656358840601726]
Execute IncAlt
Altitude: 1 Formation: 0 ECM: 0
target: 0 threat: 0
Reward: 0.0 Principal: 2 Interest: 0.0

time: 4
Finish IncAlt
[0.7487708963324593, 0.7374668269481582, 0.26274499042510774, 0.7243729543860802, 0.6877938127241134, 0.6877938127241134]
[0.9538080504833398, 0.9001806238266048, 0.6392676408221488, 0.48399150231671695, 0.6877938127241134]
Execute IncAlt
Altitude: 2 Formation: 0 ECM: 0
target: 1 threat: 0
Reward: 5.0 Principal: 2 Interest: 0.0

time: 5
Finish IncAlt
[0.7579238045120561, 0.7589577921376404, 0.7650891199605835, 0.7105712834298028, 0.599187239653877, 0.599187239653877]
[0.9488211644668306, 0.7886409320462602, 0.6835679005497197, 0.7343435894007889, 0.599187239653877]
Execute IncAlt
Execute GoTight
Execute OnECM
Altitude: 3 Formation: 1 ECM: 1
target: 1 threat: 1
Reward: 10.0 Principal: 3 Interest: 0.5

time: 6
Finish IncAlt
[0.7781455441618025, 0.7476171683130362, 0.68374539429885, 0.6977869018576438, 0.6977869018576438, 0.6977869018576438]
[0.8910577217874701, 0.8143133076894855, 0.8277961787774047, 0.6737990118228744, 0.6977869018576438]
Execute IncAlt
Altitude: 4 Formation: 1 ECM: 1
target: 1 threat: 1
Reward: 10.0 Principal: 2 Interest: 0.5

time: 7
Finish IncAlt
[0.7890714687679714, 0.7565018863945278, 0.7254822594405883, 0.7254822594405883, 0.7254822594405883, 0.7254822594405883]
[0.9085991661029055, 0.9086225769291568, 0.8032297338279505, 0.7485049444753517, 0.7254822594405883]
Execute DecAlt
Altitude: 5 Formation: 1 ECM: 1
target: 1 threat: 1
Reward: 10.0 Principal: 2 Interest: 0.5

time: 8
Finish DecAlt
[0.7871247521748319, 0.7146423253996635, 0.7146423253996635, 0.7146423253996635, 0.7146423253996635, 0.7146423253996635]
[0.9571884826937144, 0.8818802494300974, 0.8496419841282546, 0.7577800836118229, 0.7146423253996635]
Execute IncAlt
Execute GoLoose
Execute OffECM
Altitude: 4 Formation: 0 ECM: 0
target: 1 threat: 1
Reward: 10.0 Principal: 3 Interest: 0.0

time: 9
Finish IncAlt
[0.7700260659409384, 0.7700260659409384, 0.7700260659409384, 0.7700260659409384, 0.7700260659409384, 0.7700260659409384]
[0.9409283103343654, 0.9240730348685731, 0.8750878854138398, 0.7819468819198688, 0.7700260659409384]
Execute DecAlt
Execute GoTight
Execute OnECM
Altitude: 5 Formation: 1 ECM: 1
target: 1 threat: 1
Reward: 10.0 Principal: 3 Interest: 0.5
total reward = 55.0, total principal = 21, total interest = 2.0
