
time: 0
[0.7772555137668808, 0.2466681000573572, 0.2441678484337685, 0.6621733939101575, 0.22482245236232748]
[0.7772555137668808, 0.2466681000573572, 0.2441678484337685, 0.6621733939101575, 0.22482245236232748]
Altitude: 0 Formation: 0 ECM: 0
target: 1 threat: 1
Reward: 10.0 Principal: 1 Interest: 0.0

time: 1
[0.7852249844799264, 0.2285035756477509, 0.7403404190360234, 0.29085215465930503, 0.35589366590180066]
[0.4920149326841199, 0.14479682564312296, 0.7373050069987865, 0.16500324841630676, 0.35589366590180066]
Altitude: 0 Formation: 0 ECM: 0
target: 1 threat: 0
Reward: 0.0 Principal: 1 Interest: 0.0

time: 2
[0.23277406443977275, 0.7671192569071127, 0.2726853054409061, 0.3236986764056385, 0.32202720025343995]
[0.08615332979990196, 0.8619417645031163, 0.10986072704703853, 0.25608304211074395, 0.32202720025343995]
Altitude: 0 Formation: 0 ECM: 0
target: 0 threat: 0
Reward: 0.0 Principal: 1 Interest: 0.0

time: 3
[0.7565970174186236, 0.282505674050341, 0.7247618325345215, 0.7367606298968717, 0.7025054126653012]
[0.9280714662672546, 0.06775331937282356, 0.4262699430949082, 0.5131266919475665, 0.7025054126653012]
Altitude: 0 Formation: 0 ECM: 0
target: 1 threat: 1
Reward: 10.0 Principal: 1 Interest: 0.0

time: 4
[0.2165465720683664, 0.25477610922474236, 0.28108556646466415, 0.7424573881625672, 0.33960801324196116]
[0.032592129132151655, 0.2785167384174586, 0.3810924003139451, 0.7605950344615309, 0.33960801324196116]
Altitude: 0 Formation: 0 ECM: 0
target: 0 threat: 0
Reward: 0.0 Principal: 1 Interest: 0.0

time: 5
[0.20826861844332362, 0.22766112362413862, 0.72125954468473, 0.28395555564633396, 0.7080393327337964]
[0.14648393730080103, 0.2279382385161539, 0.8599985982439643, 0.22294015973127257, 0.7080393327337964]
Execute OnECM
Altitude: 0 Formation: 0 ECM: 1
target: 0 threat: 0
Reward: 0.0 Principal: 1 Interest: 0.5

time: 6
[0.2351337761958459, 0.7562030822297102, 0.22972707948153143, 0.762142700015689, 0.762142700015689]
[0.12514600927847608, 0.9269002041374582, 0.13111556898688578, 0.7743207662320492, 0.762142700015689]
Execute OffECM
Altitude: 0 Formation: 0 ECM: 0
target: 0 threat: 1
Reward: 10.0 Principal: 1 Interest: 0.0

time: 7
[0.7688248660741109, 0.2521748418771237, 0.7459072002769991, 0.7459072002769991, 0.7459072002769991]
[0.9642014657181498, 0.07436942890105379, 0.876973692315568, 0.7935873112595119, 0.7459072002769991]
Altitude: 0 Formation: 0 ECM: 0
target: 1 threat: 0
Reward: 0.0 Principal: 1 Interest: 0.0

time: 8
[0.20449491682654816, 0.7431286320788605, 0.7431286320788605, 0.7431286320788605, 0.7431286320788605]
[0.03454420493645997, 0.9339439415881335, 0.8877106886851559, 0.7838458744190396, 0.7431286320788605]
Altitude: 0 Formation: 0 ECM: 0
target: 0 threat: 0
Reward: 0.0 Principal: 1 Interest: 0.0

time: 9
[0.7941685501306293, 0.7941685501306293, 0.7941685501306293, 0.7941685501306293, 0.7941685501306293]
[0.9701385744557673, 0.9482604944667467, 0.8972563532732606, 0.8083451358191399, 0.7941685501306293]
Altitude: 0 Formation: 0 ECM: 0
target: 1 threat: 0
Reward: 0.0 Principal: 1 Interest: 0.0
total reward = 30.0, total principal = 10, total interest = 0.5
