
time: 0
[0.7703145507774174, 0.7522759883633415, 0.7223021977539523, 0.26354304550643104, 0.6360364828987182]
[0.7703145507774174, 0.7522759883633415, 0.7223021977539523, 0.26354304550643104, 0.6360364828987182]
Altitude: 0 Formation: 0 ECM: 0
target: 0 threat: 0
Reward: 0.0 Principal: 1 Interest: 0.0

time: 1
[0.23373930355727365, 0.7459835914047915, 0.2949251532760978, 0.7503519589409914, 0.7648428047609778]
[0.45503077355298976, 0.7730384783970399, 0.18744782815785038, 0.728673385778355, 0.7648428047609778]
Altitude: 0 Formation: 0 ECM: 0
target: 1 threat: 0
Reward: 0.0 Principal: 0 Interest: 0.0

time: 2
[0.7790705620653601, 0.27465008182896267, 0.7458713331444974, 0.6979601265534013, 0.392298230102877]
[0.8867700052678473, 0.12493386726059362, 0.8486372123068757, 0.7705704411908008, 0.392298230102877]
Execute OnECM
Altitude: 0 Formation: 0 ECM: 1
target: 1 threat: 0
Reward: 1.6666666666666663 Principal: 1 Interest: 0.5

time: 3
[0.7846916510291595, 0.26384977266869686, 0.7218583939639895, 0.7131951365607565, 0.5865296775517643]
[0.25714064028380884, 0.7467371010535996, 0.8666549369457519, 0.5470894230239608, 0.5865296775517643]
Execute OffECM
Altitude: 0 Formation: 0 ECM: 0
target: 0 threat: 1
Reward: 10.0 Principal: 0 Interest: 0.0

time: 4
[0.7790613325576122, 0.7430048711824008, 0.2653852770669934, 0.7335285221571727, 0.2586594853759983]
[0.8664021108826963, 0.9280137722332206, 0.40079250170828845, 0.6893108563778981, 0.2586594853759983]
Altitude: 0 Formation: 0 ECM: 0
target: 1 threat: 0
Reward: 0.0 Principal: 1 Interest: 0.0

time: 5
[0.7431537251411008, 0.22250996220654717, 0.7131640649649127, 0.34698429122939706, 0.3739113823924953]
[0.9620357285809906, 0.23957639206111395, 0.8085353526391336, 0.21222340942360352, 0.3739113823924953]
Altitude: 0 Formation: 0 ECM: 0
target: 1 threat: 1
Reward: 10.0 Principal: 0 Interest: 0.0

time: 6
[0.2283351717879065, 0.768179507044003, 0.29433388398960064, 0.6668142679450088, 0.6668142679450088]
[0.1299665829902913, 0.9005886634852861, 0.14889753649054993, 0.4993083699944115, 0.6668142679450088]
Altitude: 0 Formation: 0 ECM: 0
target: 0 threat: 1
Reward: 10.0 Principal: 1 Interest: 0.0

time: 7
[0.772243226868757, 0.26626922690334126, 0.7393289138823372, 0.7393289138823372, 0.7393289138823372]
[0.9511121854143793, 0.08822089847573228, 0.6783594158532034, 0.7392945375674183, 0.7393289138823372]
Altitude: 0 Formation: 0 ECM: 0
target: 1 threat: 0
Reward: 0.0 Principal: 0 Interest: 0.0

time: 8
[0.22601627583985578, 0.7768182597578298, 0.7768182597578298, 0.7768182597578298, 0.7768182597578298]
[0.04398031701444145, 0.8237896922380615, 0.8666342961571194, 0.7977908074227636, 0.7768182597578298]
Altitude: 0 Formation: 0 ECM: 0
target: 0 threat: 0
Reward: 0.0 Principal: 1 Interest: 0.0

time: 9
[0.7564347038813901, 0.7564347038813901, 0.7564347038813901, 0.7564347038813901, 0.7564347038813901]
[0.905494663160815, 0.930654004912497, 0.8940841835258964, 0.8061007976809843, 0.7564347038813901]
Altitude: 0 Formation: 0 ECM: 0
target: 1 threat: 1
Reward: 10.0 Principal: 0 Interest: 0.0
total reward = 41.666666666666664, total principal = 5, total interest = 0.5
