
time: 0
[0.2367154538818969, 0.24477873289392463, 0.29227486954850423, 0.7587828503186097, 0.38217433456245403, 0.38217433456245403]
[0.2367154538818969, 0.24477873289392463, 0.29227486954850423, 0.7587828503186097, 0.38217433456245403]
Altitude: 0 Formation: 0 ECM: 0
target: 0 threat: 0
Reward: 0.0 Principal: 1 Interest: 0.0

time: 1
[0.2247029281594372, 0.2694917386482142, 0.7228524067473705, 0.286979258596472, 0.6993897442818147, 0.6993897442818147]
[0.1432831004014706, 0.18925493587890552, 0.7801536960130688, 0.24891241904699385, 0.6993897442818147]
Execute IncAlt
Altitude: 0 Formation: 0 ECM: 0
target: 0 threat: 0
Reward: 0.0 Principal: 2 Interest: 0.0

time: 2
Finish IncAlt
[0.22887211412960975, 0.7614138203723725, 0.28526453630001597, 0.6985075283139909, 0.3462587696359264, 0.3462587696359264]
[0.11062845568275194, 0.8853487940293039, 0.17080259987001228, 0.7340213228692236, 0.3462587696359264]
Execute IncAlt
Altitude: 1 Formation: 0 ECM: 0
target: 0 threat: 0
Reward: 0.0 Principal: 2 Interest: 0.0

time: 3
Finish IncAlt
[0.759101018942522, 0.2295437876578286, 0.7406599706788022, 0.3190818268460172, 0.6634911000564588, 0.6634911000564588]
[0.9413994323211589, 0.09186526157973611, 0.85000484465654, 0.24757428617792004, 0.6634911000564588]
Execute IncAlt
Execute GoTight
Execute OnECM
Altitude: 2 Formation: 1 ECM: 1
target: 1 threat: 1
Reward: 10.0 Principal: 3 Interest: 0.5

time: 4
Finish IncAlt
[0.7741875545515584, 0.7266431955966478, 0.24888954384710646, 0.7414223883785549, 0.6351165198715989, 0.6351165198715989]
[0.18398540859238482, 0.9146416152504245, 0.15429056137407246, 0.738676513637492, 0.6351165198715989]
Execute IncAlt
Execute GoLoose
Execute OffECM
Altitude: 3 Formation: 0 ECM: 0
target: 0 threat: 0
Reward: 0.0 Principal: 3 Interest: 0.0

time: 5
Finish IncAlt
[0.7737305484253626, 0.28847997249981694, 0.6890478759943934, 0.681401987211899, 0.3282921993861706, 0.3282921993861706]
[0.9585246720070946, 0.09725894645499304, 0.833035649097673, 0.6854566089813309, 0.3282921993861706]
Execute IncAlt
Altitude: 4 Formation: 0 ECM: 0
target: 1 threat: 0
Reward: 10.0 Principal: 2 Interest: 0.0

time: 6
Finish IncAlt
[0.22917647615154443, 0.26537576816167807, 0.7370151484140286, 0.25705356644445554, 0.25705356644445554, 0.25705356644445554]
[0.04911782906442478, 0.725024525804134, 0.8165061873597089, 0.20134284022068066, 0.25705356644445554]
Execute DecAlt
Altitude: 5 Formation: 0 ECM: 0
target: 0 threat: 1
Reward: 0.0 Principal: 2 Interest: 0.0

time: 7
Finish DecAlt
[0.7635816606900279, 0.22902263511695337, 0.25023694023795195, 0.25023694023795195, 0.25023694023795195, 0.25023694023795195]
[0.8468948519324565, 0.6781761600101308, 0.12528794618452851, 0.16146101155002462, 0.25023694023795195]
Execute IncAlt
Execute GoTight
Execute OnECM
Altitude: 4 Formation: 1 ECM: 1
target: 1 threat: 1
Reward: 10.0 Principal: 3 Interest: 0.5

time: 8
Finish IncAlt
[0.7886084756410894, 0.24070642532933115, 0.24070642532933115, 0.24070642532933115, 0.24070642532933115, 0.24070642532933115]
[0.8269909647673434, 0.06865065619016703, 0.09798641894888697, 0.15349480722651265, 0.24070642532933115]
Execute DecAlt
Execute GoLoose
Execute OffECM
Altitude: 5 Formation: 0 ECM: 0
target: 1 threat: 0
Reward: 10.0 Principal: 3 Interest: 0.0

time: 9
Finish DecAlt
[0.23386165831906824, 0.23386165831906824, 0.23386165831906824, 0.23386165831906824, 0.23386165831906824, 0.23386165831906824]
[0.03481700153176205, 0.052417034837195946, 0.09140402565985589, 0.14571570540534962, 0.23386165831906824]
Altitude: 4 Formation: 0 ECM: 0
target: 0 threat: 0
Reward: 0.0 Principal: 1 Interest: 0.0
total reward = 40.0, total principal = 22, total interest = 1.0
