
time: 0
[0.7832522816844084, 0.7395458977518067, 0.2544325730484363, 0.264800419502543, 0.3741586283718192]
[0.7832522816844084, 0.7395458977518067, 0.2544325730484363, 0.264800419502543, 0.3741586283718192]
Altitude: 0 Formation: 0 ECM: 0
target: 1 threat: 1
Reward: 10.0 Principal: 1 Interest: 0.0

time: 1
[0.7756402669301183, 0.2543850997064727, 0.2846122017426104, 0.7173788390718692, 0.2889156121058916]
[0.7972981836500924, 0.16222077663479212, 0.18277646671307407, 0.53711400116509, 0.2889156121058916]
Altitude: 0 Formation: 0 ECM: 0
target: 1 threat: 0
Reward: 0.0 Principal: 0 Interest: 0.0

time: 2
[0.24230149734818238, 0.2562232709432213, 0.2618535184768386, 0.7142500291531955, 0.6789892511171658]
[0.09890309792419537, 0.1157260987336223, 0.38896304889426214, 0.47029395676399827, 0.6789892511171658]
Altitude: 0 Formation: 0 ECM: 0
target: 0 threat: 0
Reward: 0.0 Principal: 1 Interest: 0.0

time: 3
[0.7658074855221366, 0.7497263256190764, 0.25316425279196897, 0.6760023094782701, 0.6744314039240358]
[0.23118702305862934, 0.5694995921579703, 0.3238557887959647, 0.7087895313126654, 0.6744314039240358]
Altitude: 0 Formation: 0 ECM: 0
target: 0 threat: 0
Reward: 0.0 Principal: 0 Interest: 0.0

time: 4
[0.7941753636011765, 0.2370726570714315, 0.7139782673231911, 0.7871952858860054, 0.6981367708306313]
[0.7536873843161196, 0.19188184070483177, 0.8224174625956479, 0.7708972660369019, 0.6981367708306313]
Altitude: 0 Formation: 0 ECM: 0
target: 1 threat: 0
Reward: 0.0 Principal: 1 Interest: 0.0

time: 5
[0.22691896283043236, 0.7547133087210224, 0.6917278350809566, 0.7025011215864247, 0.22069963259004421]
[0.10100455124257014, 0.905034192547964, 0.8564613054572697, 0.7355978124620114, 0.22069963259004421]
Altitude: 0 Formation: 0 ECM: 0
target: 0 threat: 0
Reward: 0.0 Principal: 0 Interest: 0.0

time: 6
[0.7622112280231413, 0.7609070336373485, 0.7174123541507512, 0.3147281037090315, 0.3147281037090315]
[0.9520293602777293, 0.9259049267701742, 0.8420765619088879, 0.1743726659537002, 0.3147281037090315]
Altitude: 0 Formation: 0 ECM: 0
target: 1 threat: 1
Reward: 10.0 Principal: 1 Interest: 0.0

time: 7
[0.2131294805000149, 0.22659451812443895, 0.7428256209562297, 0.7428256209562297, 0.7428256209562297]
[0.8483145766425035, 0.7146662655157612, 0.33710146380679407, 0.5122519466890804, 0.7428256209562297]
Altitude: 0 Formation: 0 ECM: 0
target: 1 threat: 0
Reward: 0.0 Principal: 0 Interest: 0.0

time: 8
[0.7693316493122506, 0.24504457246511113, 0.24504457246511113, 0.24504457246511113, 0.24504457246511113]
[0.8425072940642182, 0.20528029667593006, 0.3546219020750555, 0.4570169493283608, 0.24504457246511113]
Altitude: 0 Formation: 0 ECM: 0
target: 1 threat: 0
Reward: 0.0 Principal: 1 Interest: 0.0

time: 9
[0.2287272566429996, 0.2287272566429996, 0.2287272566429996, 0.2287272566429996, 0.2287272566429996]
[0.10942101772828061, 0.20943144906792419, 0.2967673640966421, 0.1453095515352674, 0.2287272566429996]
Altitude: 0 Formation: 0 ECM: 0
target: 0 threat: 0
Reward: 0.0 Principal: 0 Interest: 0.0
total reward = 20.0, total principal = 5, total interest = 0.0
