
time: 0
[0.22835253309810763, 0.7620679940133795, 0.7491491274300951, 0.34610380818573805, 0.703852758688879]
[0.22835253309810763, 0.7620679940133795, 0.7491491274300951, 0.34610380818573805, 0.703852758688879]
Altitude: 0 Formation: 0 ECM: 0
target: 0 threat: 0
Reward: 0.0 Principal: 1 Interest: 0.0

time: 1
[0.7774089485063288, 0.7752578375078262, 0.7121590717945881, 0.7514079443441174, 0.6887806847815191]
[0.8090965334670354, 0.8017980701067503, 0.5124821217393954, 0.7662621623747058, 0.6887806847815191]
Altitude: 0 Formation: 0 ECM: 0
target: 1 threat: 0
Reward: 0.0 Principal: 0 Interest: 0.0

time: 2
[0.7585025707545069, 0.24374544448631416, 0.7328650832193967, 0.7666848391444495, 0.5770552629993768]
[0.8969742705931242, 0.3535640767004863, 0.8676547251404841, 0.7668086653632692, 0.5770552629993768]
Altitude: 0 Formation: 0 ECM: 0
target: 1 threat: 0
Reward: 0.0 Principal: 1 Interest: 0.0

time: 3
[0.20490733043610715, 0.7552665389374345, 0.7430179012958268, 0.7039797160479462, 0.6258627545337326]
[0.1963583939485916, 0.930990445123823, 0.8714402282268088, 0.6641104500178778, 0.6258627545337326]
Altitude: 0 Formation: 0 ECM: 0
target: 0 threat: 0
Reward: 0.0 Principal: 0 Interest: 0.0

time: 4
[0.7824499898848852, 0.24820107110634848, 0.6972372881923014, 0.6864404919178515, 0.3125599133362675]
[0.9676210637512576, 0.7726825284951044, 0.7827367974485069, 0.6829562031336228, 0.3125599133362675]
Altitude: 0 Formation: 0 ECM: 0
target: 1 threat: 0
Reward: 0.0 Principal: 1 Interest: 0.0

time: 5
[0.7855962653928101, 0.24860964510118033, 0.7018165803958563, 0.2830291417587869, 0.27334487809067265]
[0.8840963752579442, 0.6445015574709376, 0.7987012417948878, 0.20751261337412258, 0.27334487809067265]
Altitude: 0 Formation: 0 ECM: 0
target: 1 threat: 0
Reward: 0.0 Principal: 0 Interest: 0.0

time: 6
[0.7923472047094063, 0.2180002818726223, 0.24139110138072734, 0.2858998839600383, 0.2858998839600383]
[0.8062923738165291, 0.644942310239704, 0.12593051436993458, 0.18796925506003828, 0.2858998839600383]
Altitude: 0 Formation: 0 ECM: 0
target: 1 threat: 1
Reward: 10.0 Principal: 1 Interest: 0.0

time: 7
[0.7723083021498897, 0.23204919899461043, 0.24042906781326165, 0.24042906781326165, 0.24042906781326165]
[0.7967112021437796, 0.06727008856747778, 0.11367644095491669, 0.17068220081805, 0.24042906781326165]
Altitude: 0 Formation: 0 ECM: 0
target: 1 threat: 0
Reward: 0.0 Principal: 0 Interest: 0.0

time: 8
[0.7779408835423287, 0.23833397164278963, 0.23833397164278963, 0.23833397164278963, 0.23833397164278963]
[0.14086892364609263, 0.06172171785197176, 0.10271477269547932, 0.14769840791681518, 0.23833397164278963]
Altitude: 0 Formation: 0 ECM: 0
target: 0 threat: 0
Reward: 0.0 Principal: 1 Interest: 0.0

time: 9
[0.228668618821957, 0.228668618821957, 0.228668618821957, 0.228668618821957, 0.228668618821957]
[0.03076308889035181, 0.05410774212760842, 0.08669003018916555, 0.14217572285149485, 0.228668618821957]
Altitude: 0 Formation: 0 ECM: 0
target: 0 threat: 0
Reward: 0.0 Principal: 0 Interest: 0.0
total reward = 10.0, total principal = 5, total interest = 0.0
