
time: 0
[0.7666391396399177, 0.7445868097855743, 0.26635768566403323, 0.7134086899405833, 0.35422384686007335]
[0.7666391396399177, 0.7445868097855743, 0.26635768566403323, 0.7134086899405833, 0.35422384686007335]
Altitude: 0 Formation: 0 ECM: 0
target: 1 threat: 1
Reward: 10.0 Principal: 1 Interest: 0.0

time: 1
[0.7767885200977183, 0.2379616396067509, 0.7348731575331239, 0.28458538755053975, 0.3866947796629077]
[0.8003441068154361, 0.15989139024460491, 0.7622764346583968, 0.23150108252926113, 0.3866947796629077]
Altitude: 0 Formation: 0 ECM: 0
target: 1 threat: 0
Reward: 0.0 Principal: 1 Interest: 0.0

time: 2
[0.7821369657753667, 0.73606981709047, 0.26518504384496855, 0.3014063688951021, 0.3472285216970801]
[0.3441849978868501, 0.8662428187564986, 0.15041631586056764, 0.26056584484197787, 0.3472285216970801]
Altitude: 0 Formation: 0 ECM: 0
target: 0 threat: 0
Reward: 0.0 Principal: 1 Interest: 0.0

time: 3
[0.77903293402128, 0.24924058132859764, 0.2704232174355938, 0.28003817151135474, 0.7237107601662632]
[0.9347773434735417, 0.08499585722246358, 0.17237858087247138, 0.22488462631178374, 0.7237107601662632]
Altitude: 0 Formation: 0 ECM: 0
target: 1 threat: 1
Reward: 10.0 Principal: 1 Interest: 0.0

time: 4
[0.22323731439733432, 0.3169553027522879, 0.2578748226808109, 0.7093157369398806, 0.2879828718113643]
[0.04197146114274081, 0.1175253271634327, 0.14315448344852266, 0.7538764626977544, 0.2879828718113643]
Altitude: 0 Formation: 0 ECM: 0
target: 0 threat: 0
Reward: 0.0 Principal: 1 Interest: 0.0

time: 5
[0.23638776467157488, 0.23039815358811666, 0.7354511715632477, 0.2729476104754636, 0.6957806891454869]
[0.061141177084607964, 0.07645304778141133, 0.8607264989050917, 0.18885140981420057, 0.6957806891454869]
Execute OnECM
Altitude: 0 Formation: 0 ECM: 1
target: 0 threat: 0
Reward: 0.0 Principal: 1 Interest: 0.5

time: 6
[0.22021670442719446, 0.7488602815886712, 0.23192782864339628, 0.6859144225285767, 0.6859144225285767]
[0.03729770788592661, 0.9258024488234252, 0.11139429103271588, 0.7246296383476498, 0.6859144225285767]
Execute OffECM
Altitude: 0 Formation: 0 ECM: 0
target: 0 threat: 1
Reward: 10.0 Principal: 1 Interest: 0.0

time: 7
[0.780809272095704, 0.25049343566700155, 0.7258319316062558, 0.7258319316062558, 0.7258319316062558]
[0.9649143265514547, 0.062673613516024, 0.8380773344749057, 0.7420992834989056, 0.7258319316062558]
Altitude: 0 Formation: 0 ECM: 0
target: 1 threat: 0
Reward: 0.0 Principal: 1 Interest: 0.0

time: 8
[0.22325330148193973, 0.22685815647548047, 0.22685815647548047, 0.22685815647548047, 0.22685815647548047]
[0.03073297397777886, 0.7087463577163147, 0.5812349485480904, 0.42894241142477396, 0.22685815647548047]
Altitude: 0 Formation: 0 ECM: 0
target: 0 threat: 0
Reward: 0.0 Principal: 1 Interest: 0.0

time: 9
[0.7830464526154388, 0.7830464526154388, 0.7830464526154388, 0.7830464526154388, 0.7830464526154388]
[0.8442993625870195, 0.7594559481912422, 0.6500041385189649, 0.47376124685107174, 0.7830464526154388]
Altitude: 0 Formation: 0 ECM: 0
target: 1 threat: 0
Reward: 0.0 Principal: 1 Interest: 0.0
total reward = 30.0, total principal = 10, total interest = 0.5
