
time: 0
[0.21824184823587273, 0.2697136673631302, 0.2862275843619742, 0.35153005983784263, 0.28617963876952873]
[0.21824184823587273, 0.2697136673631302, 0.2862275843619742, 0.35153005983784263, 0.28617963876952873]
Altitude: 0 Formation: 0 ECM: 0
target: 0 threat: 1
Reward: 10.0 Principal: 1 Interest: 0.0

time: 1
[0.7732054738056592, 0.745585277166083, 0.2898789502364056, 0.3172585228900433, 0.7022833437427008]
[0.5010028685157225, 0.4922816251251033, 0.23313625632311014, 0.21185548391954329, 0.7022833437427008]
Execute OnECM
Altitude: 0 Formation: 0 ECM: 1
target: 1 threat: 0
Reward: 1.6666666666666663 Principal: 0 Interest: 0.5

time: 2
[0.22923197066063528, 0.2627218654489794, 0.2669368846233755, 0.3098808883634293, 0.7393737994157531]
[0.32618134704219703, 0.15049960088092415, 0.13809883099911113, 0.47754953128309624, 0.7393737994157531]
Execute OffECM
Altitude: 0 Formation: 0 ECM: 0
target: 0 threat: 1
Reward: 10.0 Principal: 1 Interest: 0.0

time: 3
[0.7586701889120703, 0.2554133567590923, 0.7364270050953591, 0.7073324106945972, 0.7529957383250879]
[0.28162610665720444, 0.07915688237525523, 0.6586669956930827, 0.7614823073245912, 0.7529957383250879]
Altitude: 0 Formation: 0 ECM: 0
target: 0 threat: 0
Reward: 0.0 Principal: 0 Interest: 0.0

time: 4
[0.7949261734945172, 0.7581816895018325, 0.73144669983734, 0.6589901981414275, 0.6390193709165622]
[0.17022401759283243, 0.8018534798886634, 0.8641413790874546, 0.7430027690359059, 0.6390193709165622]
Altitude: 0 Formation: 0 ECM: 0
target: 0 threat: 0
Reward: 0.0 Principal: 1 Interest: 0.0

time: 5
[0.7572797802294405, 0.7581296369622517, 0.7175485650130556, 0.7081167471107526, 0.6853454084549162]
[0.8926931606060133, 0.9295981531708704, 0.8471022426754758, 0.7044888826209078, 0.6853454084549162]
Altitude: 0 Formation: 0 ECM: 0
target: 1 threat: 0
Reward: 0.0 Principal: 0 Interest: 0.0

time: 6
[0.7720925510283969, 0.7874732259307239, 0.7410081717363184, 0.6837246719390007, 0.6837246719390007]
[0.9659038572092136, 0.9264561690464626, 0.8309787675180406, 0.717186859878076, 0.6837246719390007]
Altitude: 0 Formation: 0 ECM: 0
target: 1 threat: 1
Reward: 10.0 Principal: 1 Interest: 0.0

time: 7
[0.7742475805652262, 0.7643122456595361, 0.7269697618776051, 0.7269697618776051, 0.7269697618776051]
[0.9645499237483292, 0.9123834997865775, 0.8335691897975237, 0.7415314180217185, 0.7269697618776051]
Altitude: 0 Formation: 0 ECM: 0
target: 1 threat: 1
Reward: 10.0 Principal: 0 Interest: 0.0

time: 8
[0.7753468042431898, 0.787642603740698, 0.787642603740698, 0.787642603740698, 0.787642603740698]
[0.9575785061847368, 0.9193513286164031, 0.8717634182957391, 0.7973074308849081, 0.787642603740698]
Altitude: 0 Formation: 0 ECM: 0
target: 1 threat: 1
Reward: 10.0 Principal: 1 Interest: 0.0

time: 9
[0.7779298087171572, 0.7779298087171572, 0.7779298087171572, 0.7779298087171572, 0.7779298087171572]
[0.9613981594994265, 0.9374641123015804, 0.8999123902938904, 0.8214437785527312, 0.7779298087171572]
Altitude: 0 Formation: 0 ECM: 0
target: 1 threat: 0
Reward: 0.0 Principal: 0 Interest: 0.0
total reward = 51.666666666666664, total principal = 5, total interest = 0.5
