
time: 0
[0.7954108943347383, 0.7770120193112865, 0.28806079386637123, 0.735374747801812, 0.6013724999330388, 0.6013724999330388]
[0.7954108943347383, 0.7770120193112865, 0.28806079386637123, 0.735374747801812, 0.6013724999330388]
Execute IncAlt
Altitude: 0 Formation: 0 ECM: 0
target: 1 threat: 1
Reward: 10.0 Principal: 2 Interest: 0.0

time: 1
Finish IncAlt
[0.7567220352669425, 0.24031579860743812, 0.7501270630548162, 0.27130690407713176, 0.35860139819561204, 0.35860139819561204]
[0.80633460291232, 0.17169033030500214, 0.7820395263888884, 0.37527186906315413, 0.35860139819561204]
Execute IncAlt
Altitude: 1 Formation: 0 ECM: 0
target: 1 threat: 0
Reward: 2.5 Principal: 2 Interest: 0.0

time: 2
Finish IncAlt
[0.2385860400844507, 0.7477910488552888, 0.28156777489226437, 0.26987966080542164, 0.3328755151264301, 0.3328755151264301]
[0.10338823198564126, 0.8822198425092705, 0.26380984821679754, 0.22517256116311804, 0.3328755151264301]
Execute IncAlt
Altitude: 2 Formation: 0 ECM: 0
target: 0 threat: 0
Reward: 0.0 Principal: 2 Interest: 0.0

time: 3
Finish IncAlt
[0.777900801491031, 0.20964767324410705, 0.29966353623005965, 0.27322570018060766, 0.6217846813532486, 0.6217846813532486]
[0.942883609098578, 0.14048390085215404, 0.16011740649587775, 0.21301559020431676, 0.6217846813532486]
Execute IncAlt
Execute GoTight
Execute OnECM
Altitude: 3 Formation: 1 ECM: 1
target: 1 threat: 1
Reward: 10.0 Principal: 3 Interest: 0.5

time: 4
Finish IncAlt
[0.22761066838265906, 0.24081711446585002, 0.2710491662551425, 0.6719493080898655, 0.20718181576903066, 0.20718181576903066]
[0.07210955325319125, 0.08859733390680266, 0.14043839779572073, 0.6711822208245746, 0.20718181576903066]
Execute GoLoose
Execute OffECM
Altitude: 4 Formation: 0 ECM: 0
target: 0 threat: 0
Reward: 0.0 Principal: 2 Interest: 0.0

time: 5
[0.22198766063972622, 0.2254079229017119, 0.7463378622991383, 0.7104875057944015, 0.6771797856897446, 0.6771797856897446]
[0.04364635794615357, 0.07384196106590678, 0.8110679256912173, 0.40098493071351193, 0.6771797856897446]
Execute IncAlt
Altitude: 4 Formation: 0 ECM: 0
target: 0 threat: 0
Reward: 0.0 Principal: 2 Interest: 0.0

time: 6
Finish IncAlt
[0.2134987241762749, 0.7534064349969352, 0.30802549278440733, 0.7319031292537692, 0.7319031292537692, 0.7319031292537692]
[0.035259835981316955, 0.8979983898801455, 0.30210611707440616, 0.7407335551451781, 0.7319031292537692]
Execute DecAlt
Execute GoTight
Execute OnECM
Altitude: 5 Formation: 1 ECM: 1
target: 0 threat: 1
Reward: 0.0 Principal: 3 Interest: 0.5

time: 7
Finish DecAlt
[0.7831904456239767, 0.7396924909162785, 0.719547421785682, 0.719547421785682, 0.719547421785682, 0.719547421785682]
[0.9513560695824217, 0.4687265681530656, 0.8463355316648928, 0.7639617475811904, 0.719547421785682]
Execute DecAlt
Execute GoLoose
Execute OffECM
Altitude: 4 Formation: 0 ECM: 0
target: 1 threat: 0
Reward: 10.0 Principal: 3 Interest: 0.0

time: 8
Finish DecAlt
[0.22811775149270436, 0.7232337729607553, 0.7232337729607553, 0.7232337729607553, 0.7232337729607553, 0.7232337729607553]
[0.29379544370599203, 0.9115988250045255, 0.8628645621649124, 0.7592249069711325, 0.7232337729607553]
Execute DecAlt
Altitude: 3 Formation: 0 ECM: 0
target: 0 threat: 0
Reward: 0.0 Principal: 2 Interest: 0.0

time: 9
Finish DecAlt
[0.7759842791506046, 0.7759842791506046, 0.7759842791506046, 0.7759842791506046, 0.7759842791506046, 0.7759842791506046]
[0.9572596358511292, 0.9324121171556033, 0.877918211709116, 0.7894141205481787, 0.7759842791506046]
Execute DecAlt
Altitude: 2 Formation: 0 ECM: 0
target: 1 threat: 0
Reward: 5.0 Principal: 2 Interest: 0.0
total reward = 37.5, total principal = 23, total interest = 1.0
