
time: 0
[0.7485295585905477, 0.7672143513727155, 0.2558707303795095, 0.25493132963013754, 0.6941493159264098, 0.6941493159264098]
[0.7485295585905477, 0.7672143513727155, 0.2558707303795095, 0.25493132963013754, 0.6941493159264098]
Execute IncAlt
Execute GoTight
Execute OnECM
Altitude: 0 Formation: 1 ECM: 1
target: 1 threat: 1
Reward: 10.0 Principal: 3 Interest: 0.5

time: 1
Finish IncAlt
[0.7885306543416445, 0.26075274991278574, 0.21547473713046061, 0.7013300525797934, 0.264267450501, 0.264267450501]
[0.8168891683366403, 0.16609213615898863, 0.14354328487359724, 0.7326335292253214, 0.264267450501]
Execute IncAlt
Execute GoLoose
Execute OffECM
Altitude: 1 Formation: 0 ECM: 0
target: 1 threat: 0
Reward: 2.5 Principal: 3 Interest: 0.0

time: 2
Finish IncAlt
[0.21361990382194745, 0.23856049610542207, 0.7572074130885071, 0.2831239495910824, 0.591694850488047, 0.591694850488047]
[0.09272261413918752, 0.08698922546246562, 0.855397135408751, 0.1817286003842338, 0.591694850488047]
Execute DecAlt
Altitude: 2 Formation: 0 ECM: 0
target: 0 threat: 0
Reward: 0.0 Principal: 2 Interest: 0.0

time: 3
Finish DecAlt
[0.2310435941554957, 0.7630204259766387, 0.31583029176026256, 0.6762869096207247, 0.6871704362748128, 0.6871704362748128]
[0.04614975062656376, 0.9257519694700447, 0.13546447616365714, 0.6550345200119294, 0.6871704362748128]
Execute DecAlt
Altitude: 1 Formation: 0 ECM: 0
target: 0 threat: 0
Reward: 0.0 Principal: 2 Interest: 0.0

time: 4
Finish DecAlt
[0.7851414577230861, 0.7458569327935529, 0.7743498612055647, 0.7558889292257457, 0.6947829625924028, 0.6947829625924028]
[0.9653434380778848, 0.25120642339244215, 0.8133878775415416, 0.7599043469116817, 0.6947829625924028]
Altitude: 0 Formation: 0 ECM: 0
target: 1 threat: 0
Reward: 0.0 Principal: 1 Interest: 0.0

time: 5
[0.22318698863622452, 0.7725832030939713, 0.7106032316471078, 0.6737219188436042, 0.3051350637972402, 0.3051350637972402]
[0.1353159600877993, 0.9045501811094887, 0.8557536141929846, 0.7168942100197812, 0.3051350637972402]
Execute IncAlt
Altitude: 0 Formation: 0 ECM: 0
target: 0 threat: 0
Reward: 0.0 Principal: 2 Interest: 0.0

time: 6
Finish IncAlt
[0.7836802738872113, 0.7680806241884128, 0.7331496009682381, 0.3562726115264258, 0.3562726115264258, 0.3562726115264258]
[0.9547170114126834, 0.9270015102016722, 0.835901803227362, 0.24502417935639104, 0.3562726115264258]
Execute IncAlt
Execute GoTight
Execute OnECM
Altitude: 1 Formation: 1 ECM: 1
target: 1 threat: 1
Reward: 10.0 Principal: 3 Interest: 0.5

time: 7
Finish IncAlt
[0.7727716842199736, 0.7526550539472948, 0.29243216510994097, 0.29243216510994097, 0.29243216510994097, 0.29243216510994097]
[0.9646682689532573, 0.9123759574836624, 0.17112031281190157, 0.23736388245409157, 0.29243216510994097]
Execute DecAlt
Execute GoLoose
Execute OffECM
Altitude: 2 Formation: 0 ECM: 0
target: 1 threat: 0
Reward: 5.0 Principal: 3 Interest: 0.0

time: 8
Finish DecAlt
[0.7975634631815354, 0.25396010204526503, 0.25396010204526503, 0.25396010204526503, 0.25396010204526503, 0.25396010204526503]
[0.9603054767628045, 0.09859711982112535, 0.14973032904285818, 0.1810552450007141, 0.25396010204526503]
Execute IncAlt
Altitude: 1 Formation: 0 ECM: 0
target: 1 threat: 0
Reward: 2.5 Principal: 2 Interest: 0.0

time: 9
Finish IncAlt
[0.24409378164923218, 0.24409378164923218, 0.24409378164923218, 0.24409378164923218, 0.24409378164923218, 0.24409378164923218]
[0.052046859315681857, 0.08336419232400129, 0.1107126743260874, 0.15693321142921055, 0.24409378164923218]
Altitude: 2 Formation: 0 ECM: 0
target: 0 threat: 0
Reward: 0.0 Principal: 1 Interest: 0.0
total reward = 30.0, total principal = 22, total interest = 1.0
