
time: 0
[0.21448097225101992, 0.7658934038322279, 0.7509617850125321, 0.2960369018379468, 0.7287929933980799, 0.7287929933980799]
[0.21448097225101992, 0.7658934038322279, 0.7509617850125321, 0.2960369018379468, 0.7287929933980799]
Execute IncAlt
Altitude: 0 Formation: 0 ECM: 0
target: 0 threat: 0
Reward: 0.0 Principal: 2 Interest: 0.0

time: 1
Finish IncAlt
[0.7862651519815717, 0.7458106023792958, 0.2654385050419646, 0.7302329807534059, 0.6132409948964653, 0.6132409948964653]
[0.8151879649085865, 0.787828302455525, 0.1890446477117534, 0.7680302343678662, 0.6132409948964653]
Execute DecAlt
Altitude: 1 Formation: 0 ECM: 0
target: 1 threat: 0
Reward: 2.5 Principal: 2 Interest: 0.0

time: 2
Finish DecAlt
[0.7818029863012054, 0.2685967449060212, 0.7784506241121087, 0.6735873259445825, 0.7590078361157855, 0.7590078361157855]
[0.8958092165190763, 0.12387892457350179, 0.8837473854032318, 0.6668804111954074, 0.7590078361157855]
Execute IncAlt
Altitude: 0 Formation: 0 ECM: 0
target: 1 threat: 0
Reward: 0.0 Principal: 2 Interest: 0.0

time: 3
Finish IncAlt
[0.21439719663549703, 0.7668024341040879, 0.7603450485809601, 0.23853698808402476, 0.6862566844463127, 0.6862566844463127]
[0.06271841138512303, 0.9418302153174396, 0.8146484716493643, 0.46430495218981555, 0.6862566844463127]
Execute IncAlt
Execute GoTight
Execute OnECM
Altitude: 1 Formation: 1 ECM: 1
target: 0 threat: 1
Reward: 4.8076923076923075 Principal: 3 Interest: 0.5

time: 4
Finish IncAlt
[0.7826180878001466, 0.7509062725295759, 0.7363456451230653, 0.7442150219216138, 0.29674262557097025, 0.29674262557097025]
[0.9728835230601046, 0.8994475181448742, 0.6484763962597359, 0.7528049539322259, 0.29674262557097025]
Execute IncAlt
Execute GoLoose
Execute OffECM
Altitude: 2 Formation: 0 ECM: 0
target: 1 threat: 0
Reward: 5.0 Principal: 3 Interest: 0.0

time: 5
Finish IncAlt
[0.7843712853984941, 0.2583412828377041, 0.6775913401800083, 0.3105444968238969, 0.7471511061048245, 0.7471511061048245]
[0.9522544512470817, 0.49021529552831866, 0.8385675884915942, 0.21410271751269533, 0.7471511061048245]
Execute IncAlt
Execute GoTight
Execute OnECM
Altitude: 3 Formation: 1 ECM: 1
target: 1 threat: 1
Reward: 10.0 Principal: 3 Interest: 0.5

time: 6
Finish IncAlt
[0.20272891510199156, 0.7655609905634271, 0.23958581465837625, 0.7848961303188418, 0.7848961303188418, 0.7848961303188418]
[0.295123588138105, 0.9169500535564947, 0.12933848751897178, 0.805641029876954, 0.7848961303188418]
Execute IncAlt
Altitude: 4 Formation: 1 ECM: 1
target: 0 threat: 1
Reward: 0.0 Principal: 2 Interest: 0.5

time: 7
Finish IncAlt
[0.7633124723555351, 0.23410110223364328, 0.738710116772425, 0.738710116772425, 0.738710116772425, 0.738710116772425]
[0.9584465590162475, 0.06956649742170992, 0.8936368231218166, 0.8015854052021579, 0.738710116772425]
Execute DecAlt
Execute GoLoose
Execute OffECM
Altitude: 5 Formation: 0 ECM: 0
target: 1 threat: 0
Reward: 10.0 Principal: 3 Interest: 0.0

time: 8
Finish DecAlt
[0.2271305205866787, 0.7564240671196995, 0.7564240671196995, 0.7564240671196995, 0.7564240671196995, 0.7564240671196995]
[0.03458128922231526, 0.9454500048458581, 0.8962702277838502, 0.7870236412262521, 0.7564240671196995]
Execute IncAlt
Altitude: 4 Formation: 0 ECM: 0
target: 0 threat: 0
Reward: 0.0 Principal: 2 Interest: 0.0

time: 9
Finish IncAlt
[0.794875227412147, 0.794875227412147, 0.794875227412147, 0.794875227412147, 0.794875227412147, 0.794875227412147]
[0.9755536753583969, 0.9525373544707945, 0.8991563360662417, 0.8149181979288432, 0.794875227412147]
Execute DecAlt
Execute GoTight
Execute OnECM
Altitude: 5 Formation: 1 ECM: 1
target: 1 threat: 1
Reward: 10.0 Principal: 3 Interest: 0.5
total reward = 42.30769230769231, total principal = 25, total interest = 2.0
