
time: 0
[0.24083183648771228, 0.7499579586879216, 0.261862416707918, 0.2940736012282793, 0.33013513374128434]
[0.24083183648771228, 0.7499579586879216, 0.261862416707918, 0.2940736012282793, 0.33013513374128434]
Altitude: 0 Formation: 0 ECM: 0
target: 0 threat: 1
Reward: 10.0 Principal: 1 Interest: 0.0

time: 1
[0.7714442834615436, 0.26801440204041166, 0.32250746649189066, 0.3257434866948305, 0.7123771053234037]
[0.800285333343156, 0.17276556497278014, 0.21925504085471334, 0.24205134700354516, 0.7123771053234037]
Execute OnECM
Altitude: 0 Formation: 0 ECM: 1
target: 1 threat: 0
Reward: 1.6666666666666663 Principal: 1 Interest: 0.5

time: 2
[0.22065593192897934, 0.22522219679143735, 0.27360819638098366, 0.7478919955294959, 0.708697223027265]
[0.09853094828940624, 0.12718761124291109, 0.16097368253542826, 0.7688419781894695, 0.708697223027265]
Execute OffECM
Altitude: 0 Formation: 0 ECM: 0
target: 0 threat: 1
Reward: 10.0 Principal: 1 Interest: 0.0

time: 3
[0.20809332982405593, 0.23374322540546358, 0.7222202433886881, 0.7419994661135143, 0.6989533242343164]
[0.06323521310710191, 0.08730352071934011, 0.8656585039676727, 0.763661437423401, 0.6989533242343164]
Altitude: 0 Formation: 0 ECM: 0
target: 0 threat: 0
Reward: 0.0 Principal: 1 Interest: 0.0

time: 4
[0.19551376312245156, 0.7304467595668708, 0.7494825334231169, 0.7041551061691177, 0.34146594717537176]
[0.0396360844338045, 0.9248916482057571, 0.8716757289416128, 0.7370141685391647, 0.34146594717537176]
Altitude: 0 Formation: 0 ECM: 0
target: 0 threat: 0
Reward: 0.0 Principal: 1 Interest: 0.0

time: 5
[0.7663435730758328, 0.7858979456358028, 0.7114899258897772, 0.6092461745073608, 0.6534917596452275]
[0.9629082265747186, 0.9388528901626864, 0.8407204729967535, 0.43363317212351543, 0.6534917596452275]
Altitude: 0 Formation: 0 ECM: 0
target: 1 threat: 0
Reward: 0.0 Principal: 1 Interest: 0.0

time: 6
[0.7964157673349052, 0.7320086134832466, 0.6969869775318217, 0.7140083573598258, 0.7140083573598258]
[0.9726244572724176, 0.9102565307201246, 0.5912368868921588, 0.7166067445411866, 0.7140083573598258]
Altitude: 0 Formation: 0 ECM: 0
target: 1 threat: 1
Reward: 10.0 Principal: 1 Interest: 0.0

time: 7
[0.7719728266057514, 0.7581914733396372, 0.7177737732652382, 0.7177737732652382, 0.7177737732652382]
[0.9560624983708066, 0.7524694606286715, 0.8293990229318465, 0.7531659253985374, 0.7177737732652382]
Altitude: 0 Formation: 0 ECM: 0
target: 1 threat: 1
Reward: 10.0 Principal: 1 Interest: 0.0

time: 8
[0.7804686761082528, 0.7526407569610767, 0.7526407569610767, 0.7526407569610767, 0.7526407569610767]
[0.8703422827994157, 0.9085894327647942, 0.8663594330914529, 0.7742436961122015, 0.7526407569610767]
Altitude: 0 Formation: 0 ECM: 0
target: 1 threat: 1
Reward: 10.0 Principal: 1 Interest: 0.0

time: 9
[0.2197419898988957, 0.2197419898988957, 0.2197419898988957, 0.2197419898988957, 0.2197419898988957]
[0.8195528766577799, 0.7486980183385422, 0.6174520320762451, 0.44357318003081325, 0.2197419898988957]
Altitude: 0 Formation: 0 ECM: 0
target: 1 threat: 0
Reward: 0.0 Principal: 1 Interest: 0.0
total reward = 51.666666666666664, total principal = 10, total interest = 0.5
