
time: 0
[0.7561896828796066, 0.7687731728635276, 0.7335653785001407, 0.2633150946821974, 0.3525355226413269]
[0.7561896828796066, 0.7687731728635276, 0.7335653785001407, 0.2633150946821974, 0.3525355226413269]
Altitude: 0 Formation: 0 ECM: 0
target: 0 threat: 0
Reward: 0.0 Principal: 1 Interest: 0.0

time: 1
[0.761331324801572, 0.7062486726451221, 0.28501577328693023, 0.6801104533114322, 0.32407384116413107]
[0.8045180086492877, 0.7576794247342236, 0.18220190432544048, 0.4932973542049059, 0.32407384116413107]
Altitude: 0 Formation: 0 ECM: 0
target: 1 threat: 0
Reward: 0.0 Principal: 1 Interest: 0.0

time: 2
[0.7777391708463313, 0.258348493742785, 0.3075118229682124, 0.29573775499293253, 0.3506546647563158]
[0.8776164874496502, 0.1160710268035743, 0.3810936931142899, 0.2210863628006865, 0.3506546647563158]
Altitude: 0 Formation: 0 ECM: 0
target: 1 threat: 0
Reward: 0.0 Principal: 1 Interest: 0.0

time: 3
[0.21808719653629896, 0.2307728480106085, 0.33339050227321615, 0.2938702550792377, 0.6444558788149306]
[0.05932136387315956, 0.22946060345720892, 0.17107513408405842, 0.23501955687885226, 0.6444558788149306]
Execute OnECM
Execute GoTight
Altitude: 0 Formation: 1 ECM: 1
target: 0 threat: 0
Reward: 0.0 Principal: 2 Interest: 0.5

time: 4
[0.2182916633661208, 0.23014529706965284, 0.24903364313632675, 0.6294500900357276, 0.28731249667993597]
[0.12037638757523772, 0.09216176582123109, 0.14621115098399334, 0.6583594250229704, 0.28731249667993597]
Execute OffECM
Altitude: 0 Formation: 1 ECM: 0
target: 0 threat: 1
Reward: 7.692307692307692 Principal: 1 Interest: 0.0

time: 5
[0.7920323411791446, 0.26726729373606295, 0.28629273726608534, 0.7064124972713357, 0.2880091140856831]
[0.19300603735099317, 0.0868208759677651, 0.528700950170155, 0.4631103367390774, 0.2880091140856831]
Execute OnECM
Altitude: 0 Formation: 1 ECM: 1
target: 0 threat: 0
Reward: 0.0 Principal: 1 Interest: 0.5

time: 6
[0.22743416457823135, 0.7624736209001601, 0.7455927225009662, 0.3035984141376717, 0.3035984141376717]
[0.043444520582339545, 0.7056378528735181, 0.6526681141763252, 0.20539973130566896, 0.3035984141376717]
Execute OffECM
Execute GoLoose
Altitude: 0 Formation: 0 ECM: 0
target: 0 threat: 1
Reward: 10.0 Principal: 2 Interest: 0.0

time: 7
[0.7810761537563596, 0.7409542781705879, 0.23240780214743867, 0.23240780214743867, 0.23240780214743867]
[0.8414660511443673, 0.7892149658807485, 0.12143724828215086, 0.17519549149161948, 0.23240780214743867]
Altitude: 0 Formation: 0 ECM: 0
target: 1 threat: 0
Reward: 0.0 Principal: 1 Interest: 0.0

time: 8
[0.794511425617134, 0.7502160239512623, 0.7502160239512623, 0.7502160239512623, 0.7502160239512623]
[0.8962302173957213, 0.23191603401285057, 0.3431896263174011, 0.4523124177012408, 0.7502160239512623]
Altitude: 0 Formation: 0 ECM: 0
target: 1 threat: 1
Reward: 10.0 Principal: 1 Interest: 0.0

time: 9
[0.22589283693571804, 0.22589283693571804, 0.22589283693571804, 0.22589283693571804, 0.22589283693571804]
[0.12447356236435979, 0.19997804497720603, 0.2912202486780964, 0.4468638636130045, 0.22589283693571804]
Altitude: 0 Formation: 0 ECM: 0
target: 0 threat: 0
Reward: 0.0 Principal: 1 Interest: 0.0
total reward = 27.692307692307693, total principal = 12, total interest = 1.0
