
time: 0
[0.7674392561020088, 0.7554388292147827, 0.2921862705324393, 0.7092131517567188, 0.25730328218760584]
[0.7674392561020088, 0.7554388292147827, 0.2921862705324393, 0.7092131517567188, 0.25730328218760584]
Altitude: 0 Formation: 0 ECM: 0
target: 1 threat: 1
Reward: 10.0 Principal: 1 Interest: 0.0

time: 1
[0.7851648028432162, 0.24678081272339875, 0.718745723806951, 0.34621600077059644, 0.3466385707552552]
[0.8097232067661776, 0.1771343599502598, 0.7510501603984187, 0.21102161741956152, 0.3466385707552552]
Altitude: 0 Formation: 0 ECM: 0
target: 1 threat: 0
Reward: 0.0 Principal: 0 Interest: 0.0

time: 2
[0.20749092456725488, 0.7537681542690056, 0.2624661528475, 0.238139936051122, 0.22223505967604795]
[0.09699356714361534, 0.8654634114030245, 0.1359274553706038, 0.20015699808106258, 0.22223505967604795]
Altitude: 0 Formation: 0 ECM: 0
target: 0 threat: 0
Reward: 0.0 Principal: 1 Interest: 0.0

time: 3
[0.7666515186162213, 0.2521016466984986, 0.23825864849719813, 0.2674862288713493, 0.6990318219725558]
[0.9319937526174296, 0.07715651655515397, 0.12039071592974564, 0.15262227997451902, 0.6990318219725558]
Altitude: 0 Formation: 0 ECM: 0
target: 1 threat: 1
Reward: 10.0 Principal: 0 Interest: 0.0

time: 4
[0.22010823508758087, 0.2556529523415055, 0.7437736394738377, 0.6681496387098388, 0.33057449156478125]
[0.03763610596300044, 0.06885386137601338, 0.30772578814940654, 0.7161578629312525, 0.33057449156478125]
Altitude: 0 Formation: 0 ECM: 0
target: 0 threat: 0
Reward: 0.0 Principal: 1 Interest: 0.0

time: 5
[0.23482581982398934, 0.25476897227161877, 0.7220484102286953, 0.2857864240718779, 0.7797812871916467]
[0.035025958867281944, 0.18915206264985335, 0.8308542439640726, 0.21898237126766038, 0.7797812871916467]
Execute OnECM
Altitude: 0 Formation: 0 ECM: 1
target: 0 threat: 0
Reward: 0.0 Principal: 0 Interest: 0.5

time: 6
[0.2192851373501224, 0.7463018096092313, 0.2006694481158795, 0.7524350492470906, 0.7524350492470906]
[0.09734636055517829, 0.9078571203464866, 0.11808871556964112, 0.8056376095105913, 0.7524350492470906]
Execute OffECM
Altitude: 0 Formation: 0 ECM: 0
target: 0 threat: 1
Reward: 10.0 Principal: 1 Interest: 0.0

time: 7
[0.7819463674581176, 0.2398186121857247, 0.7234726605309425, 0.7234726605309425, 0.7234726605309425]
[0.9561392356114649, 0.06447071205814206, 0.8892655249041388, 0.7770985688229094, 0.7234726605309425]
Altitude: 0 Formation: 0 ECM: 0
target: 1 threat: 0
Reward: 0.0 Principal: 0 Interest: 0.0

time: 8
[0.22085705012024767, 0.7678796415373956, 0.7678796415373956, 0.7678796415373956, 0.7678796415373956]
[0.031403505758471145, 0.9449238979247503, 0.8855889606238159, 0.7852786046718484, 0.7678796415373956]
Altitude: 0 Formation: 0 ECM: 0
target: 0 threat: 0
Reward: 0.0 Principal: 1 Interest: 0.0

time: 9
[0.7787653173782582, 0.7787653173782582, 0.7787653173782582, 0.7787653173782582, 0.7787653173782582]
[0.9740690421770991, 0.9447597771079234, 0.8935152332080385, 0.8125249604748138, 0.7787653173782582]
Altitude: 0 Formation: 0 ECM: 0
target: 1 threat: 0
Reward: 0.0 Principal: 0 Interest: 0.0
total reward = 30.0, total principal = 5, total interest = 0.5
