
time: 0
[0.23686820586351803, 0.2493434790499047, 0.7136732281208786, 0.2595889708029904, 0.7519687298264074]
[0.23686820586351803, 0.2493434790499047, 0.7136732281208786, 0.2595889708029904, 0.7519687298264074]
Altitude: 0 Formation: 0 ECM: 0
target: 0 threat: 0
Reward: 0.0 Principal: 1 Interest: 0.0

time: 1
[0.7746659481954397, 0.7522166020809073, 0.2624317822248619, 0.7572197062840471, 0.31135072650483864]
[0.48568032197769073, 0.7718719624419211, 0.1687982081216873, 0.7941319237985875, 0.31135072650483864]
Altitude: 0 Formation: 0 ECM: 0
target: 1 threat: 0
Reward: 0.0 Principal: 1 Interest: 0.0

time: 2
[0.22637634477409746, 0.2186724528419059, 0.7025079003826685, 0.7003955720557234, 0.6256581759794849]
[0.6192500022430911, 0.09570535794241969, 0.8755891053519095, 0.47726164781297636, 0.6256581759794849]
Altitude: 0 Formation: 0 ECM: 0
target: 1 threat: 0
Reward: 0.0 Principal: 1 Interest: 0.0

time: 3
[0.7538886829561949, 0.7472457012517165, 0.7135242570051452, 0.6795471467978367, 0.6869109531403484]
[0.1920466263393563, 0.9339189497755505, 0.6429731782346211, 0.6784487756050042, 0.6869109531403484]
Altitude: 0 Formation: 0 ECM: 0
target: 0 threat: 0
Reward: 0.0 Principal: 1 Interest: 0.0

time: 4
[0.7827279837000429, 0.7559503316825886, 0.7431385908154383, 0.6776486507083594, 0.29539377630584973]
[0.9690712339924533, 0.7896187637184486, 0.8145211290161917, 0.7145165926180319, 0.29539377630584973]
Altitude: 0 Formation: 0 ECM: 0
target: 1 threat: 0
Reward: 0.0 Principal: 1 Interest: 0.0

time: 5
[0.7947943754613981, 0.7400112387803942, 0.7208442019287594, 0.24220571045062717, 0.34095564794333333]
[0.8965280174626282, 0.896377960909235, 0.8292388163639609, 0.17632468345541652, 0.34095564794333333]
Altitude: 0 Formation: 0 ECM: 0
target: 1 threat: 0
Reward: 0.0 Principal: 1 Interest: 0.0

time: 6
[0.21315477835492727, 0.7564922294001225, 0.25934046936821536, 0.3022787299757631, 0.3022787299757631]
[0.7947812225764218, 0.9094560491880389, 0.1127436208042405, 0.23447120922697534, 0.3022787299757631]
Altitude: 0 Formation: 0 ECM: 0
target: 1 threat: 1
Reward: 10.0 Principal: 1 Interest: 0.0

time: 7
[0.777275697620678, 0.25689328367215497, 0.254661266368669, 0.254661266368669, 0.254661266368669]
[0.956338898682648, 0.06463281542551612, 0.1481067990224015, 0.1864686881622257, 0.254661266368669]
Altitude: 0 Formation: 0 ECM: 0
target: 1 threat: 0
Reward: 0.0 Principal: 1 Interest: 0.0

time: 8
[0.2264495860087747, 0.23689736256068167, 0.23689736256068167, 0.23689736256068167, 0.23689736256068167]
[0.032018608846529274, 0.08072693450491153, 0.11162509193141153, 0.153758362469975, 0.23689736256068167]
Execute GoTight
Execute IncAlt
Altitude: 0 Formation: 1 ECM: 0
target: 0 threat: 0
Reward: 0.0 Principal: 3 Interest: 0.0

time: 9
Finish IncAlt
[0.24148955824580948, 0.24148955824580948, 0.24148955824580948, 0.24148955824580948, 0.24148955824580948]
[0.04202918826542199, 0.061165069215017395, 0.09370152380564961, 0.14751823886750934, 0.24148955824580948]
Altitude: 1 Formation: 1 ECM: 0
target: 0 threat: 0
Reward: 0.0 Principal: 1 Interest: 0.0
total reward = 10.0, total principal = 12, total interest = 0.0
