
time: 0
[0.229180417492349, 0.230502422148412, 0.25510480554482673, 0.6781991983080391, 0.2858460073885852]
[0.229180417492349, 0.230502422148412, 0.25510480554482673, 0.6781991983080391, 0.2858460073885852]
Altitude: 0 Formation: 0 ECM: 0
target: 0 threat: 0
Reward: 0.0 Principal: 1 Interest: 0.0

time: 1
[0.23104158729659405, 0.26722795212451306, 0.7009968331123684, 0.31185828854075853, 0.6341928542204331]
[0.1396656045504252, 0.16893558630613223, 0.7232071445979246, 0.20870715832901274, 0.6341928542204331]
Altitude: 0 Formation: 0 ECM: 0
target: 0 threat: 0
Reward: 0.0 Principal: 1 Interest: 0.0

time: 2
[0.21292501417112947, 0.7363911071964361, 0.715749525657109, 0.6981802654819057, 0.27542294444072196]
[0.09408927770593935, 0.8413550163205132, 0.36279521262724634, 0.6954217424806275, 0.27542294444072196]
Altitude: 0 Formation: 0 ECM: 0
target: 0 threat: 0
Reward: 0.0 Principal: 1 Interest: 0.0

time: 3
[0.7829864517540154, 0.7566534611186468, 0.7260872178314589, 0.31421803694308287, 0.7241101951853615]
[0.9224386503275048, 0.5477845292033732, 0.8184695525328898, 0.204157404494679, 0.7241101951853615]
Altitude: 0 Formation: 0 ECM: 0
target: 1 threat: 1
Reward: 10.0 Principal: 1 Interest: 0.0

time: 4
[0.2272139715371327, 0.7367990870182679, 0.25072863428673176, 0.6799062313279686, 0.6973609215257719]
[0.3625813662575809, 0.8979124035821048, 0.127202254363685, 0.7377336814761617, 0.6973609215257719]
Altitude: 0 Formation: 0 ECM: 0
target: 0 threat: 0
Reward: 0.0 Principal: 1 Interest: 0.0

time: 5
[0.7757968776527512, 0.7779447164251764, 0.7213009283122754, 0.674733287117083, 0.7391718771396865]
[0.9502398517939157, 0.2568479904004193, 0.845013418717569, 0.7190251863254202, 0.7391718771396865]
Execute OnECM
Altitude: 0 Formation: 0 ECM: 1
target: 1 threat: 0
Reward: 1.6666666666666663 Principal: 1 Interest: 0.5

time: 6
[0.23693636593604947, 0.7479255905747538, 0.2525686665386541, 0.3296617339491248, 0.3296617339491248]
[0.1440175815414492, 0.9165526822199084, 0.5725007751285598, 0.5207694169530114, 0.3296617339491248]
Execute OffECM
Altitude: 0 Formation: 0 ECM: 0
target: 0 threat: 1
Reward: 10.0 Principal: 1 Interest: 0.0

time: 7
[0.774616936641484, 0.7371945633354235, 0.7167158632476328, 0.7167158632476328, 0.7167158632476328]
[0.9596016771991173, 0.7259435714375516, 0.6823938725595194, 0.5035736878117184, 0.7167158632476328]
Altitude: 0 Formation: 0 ECM: 0
target: 1 threat: 1
Reward: 10.0 Principal: 1 Interest: 0.0

time: 8
[0.7707761919564345, 0.26845001172846844, 0.26845001172846844, 0.26845001172846844, 0.26845001172846844]
[0.8503200599217803, 0.5352945225482737, 0.3633118783525595, 0.45595688495641135, 0.26845001172846844]
Altitude: 0 Formation: 0 ECM: 0
target: 1 threat: 0
Reward: 0.0 Principal: 1 Interest: 0.0

time: 9
[0.2174577814017076, 0.2174577814017076, 0.2174577814017076, 0.2174577814017076, 0.2174577814017076]
[0.34419232842358155, 0.20959128529668208, 0.28803864672884866, 0.15071370627863745, 0.2174577814017076]
Altitude: 0 Formation: 0 ECM: 0
target: 0 threat: 0
Reward: 0.0 Principal: 1 Interest: 0.0
total reward = 31.666666666666664, total principal = 10, total interest = 0.5
