
time: 0
[0.7663744644633809, 0.7803248374229322, 0.7443507284647888, 0.7255423861787281, 0.31106810220334524]
[0.7663744644633809, 0.7803248374229322, 0.7443507284647888, 0.7255423861787281, 0.31106810220334524]
Altitude: 0 Formation: 0 ECM: 0
target: 0 threat: 1
Reward: 10.0 Principal: 1 Interest: 0.0

time: 1
[0.7691126303547439, 0.7612227899531567, 0.2372956769400258, 0.28543586732784326, 0.6540665168977622]
[0.8138577833839153, 0.7923389721398437, 0.4373712151552194, 0.2080456237958287, 0.6540665168977622]
Altitude: 0 Formation: 0 ECM: 0
target: 1 threat: 1
Reward: 10.0 Principal: 1 Interest: 0.0

time: 2
[0.7740402487814333, 0.24580620017333876, 0.7162048286385064, 0.6640060368077116, 0.29224877956240597]
[0.8960552351565719, 0.29209567257392016, 0.36228375475103125, 0.6862513659137796, 0.29224877956240597]
Altitude: 0 Formation: 0 ECM: 0
target: 1 threat: 1
Reward: 10.0 Principal: 1 Interest: 0.0

time: 3
[0.23490554994609927, 0.2857258689206332, 0.7387117976061647, 0.26318592234498794, 0.7127134521579738]
[0.16935664918172597, 0.24539478190734215, 0.8177922486109551, 0.185868748200613, 0.7127134521579738]
Altitude: 0 Formation: 0 ECM: 0
target: 0 threat: 0
Reward: 0.0 Principal: 1 Interest: 0.0

time: 4
[0.22589871774378384, 0.7730973725272071, 0.22499604902084538, 0.6698070183299749, 0.6674294644385652]
[0.13267226677584812, 0.9071535248364762, 0.10739275142174544, 0.7252853041660277, 0.6674294644385652]
Altitude: 0 Formation: 0 ECM: 0
target: 0 threat: 0
Reward: 0.0 Principal: 1 Interest: 0.0

time: 5
[0.8000915236650196, 0.2446911358849205, 0.7060750462829025, 0.6804635643945007, 0.35426579900169386]
[0.9581344110972799, 0.05938083402091887, 0.8305350753331209, 0.7045272681226269, 0.35426579900169386]
Execute OnECM
Altitude: 0 Formation: 0 ECM: 1
target: 1 threat: 1
Reward: 10.0 Principal: 1 Interest: 0.5

time: 6
[0.20817731718230467, 0.758183962269781, 0.7533187663264647, 0.2869759582203243, 0.2869759582203243]
[0.027771552732923244, 0.9106230864508359, 0.836127674132539, 0.23295268353516752, 0.2869759582203243]
Execute OffECM
Altitude: 0 Formation: 0 ECM: 0
target: 0 threat: 1
Reward: 10.0 Principal: 1 Interest: 0.0

time: 7
[0.7798811525247706, 0.7561469527647245, 0.2719182815390727, 0.2719182815390727, 0.2719182815390727]
[0.9572606342462732, 0.9133472815042903, 0.15412090394530523, 0.18777484951107173, 0.2719182815390727]
Altitude: 0 Formation: 0 ECM: 0
target: 1 threat: 0
Reward: 0.0 Principal: 1 Interest: 0.0

time: 8
[0.7906906482935442, 0.2525191189299834, 0.2525191189299834, 0.2525191189299834, 0.2525191189299834]
[0.9599432698169499, 0.0879903092346548, 0.11759512636850096, 0.16996368956467878, 0.2525191189299834]
Altitude: 0 Formation: 0 ECM: 0
target: 1 threat: 0
Reward: 0.0 Principal: 1 Interest: 0.0

time: 9
[0.21595016049234267, 0.21595016049234267, 0.21595016049234267, 0.21595016049234267, 0.21595016049234267]
[0.042552526182219656, 0.05972970178295211, 0.09555294571153347, 0.14267288453968857, 0.21595016049234267]
Altitude: 0 Formation: 0 ECM: 0
target: 0 threat: 0
Reward: 0.0 Principal: 1 Interest: 0.0
total reward = 50.0, total principal = 10, total interest = 0.5
