
time: 0
[0.23481962510470883, 0.7507546346981325, 0.7056811056097833, 0.303396788032001, 0.30508244745490093]
[0.23481962510470883, 0.7507546346981325, 0.7056811056097833, 0.303396788032001, 0.30508244745490093]
Altitude: 0 Formation: 0 ECM: 0
target: 0 threat: 0
Reward: 0.0 Principal: 1 Interest: 0.0

time: 1
[0.7708921598937942, 0.7384705982998974, 0.2507986525059212, 0.30706462078644153, 0.3648973943741004]
[0.8003993951827055, 0.7600933586551682, 0.18495705698963022, 0.2168532807508593, 0.3648973943741004]
Altitude: 0 Formation: 0 ECM: 0
target: 1 threat: 0
Reward: 0.0 Principal: 0 Interest: 0.0

time: 2
[0.22692949845384006, 0.24805374863353763, 0.21517940644374706, 0.28269779354295493, 0.2807430505089422]
[0.6042371023309681, 0.11438790810860633, 0.12208313390649055, 0.2363990887155033, 0.2807430505089422]
Execute IncAlt
Execute GoTight
Altitude: 0 Formation: 1 ECM: 0
target: 1 threat: 0
Reward: 2.3076923076923084 Principal: 3 Interest: 0.0

time: 3
Finish IncAlt
[0.21340807128136688, 0.2615234660892312, 0.25553374139564133, 0.31122809369269, 0.6974137193856852]
[0.0576141074493128, 0.07101640578004581, 0.14975686653947126, 0.20551139850671388, 0.6974137193856852]
Execute OnECM
Altitude: 1 Formation: 1 ECM: 1
target: 0 threat: 0
Reward: 0.0 Principal: 0 Interest: 0.5

time: 4
[0.21171135033503008, 0.23112609668099066, 0.28715628551250544, 0.711734513813517, 0.7318024190636717]
[0.03369318448499927, 0.08032100304839533, 0.1414792811053616, 0.7404777179835796, 0.7318024190636717]
Execute OffECM
Altitude: 1 Formation: 1 ECM: 0
target: 0 threat: 1
Reward: 5.769230769230768 Principal: 1 Interest: 0.0

time: 5
[0.7703905128403555, 0.25346895432314376, 0.7092300892163714, 0.2263595606243501, 0.7070281272079337]
[0.1618079528409885, 0.08070819457662681, 0.8421896005107057, 0.4330633744966762, 0.7070281272079337]
Execute DecAlt
Execute OnECM
Altitude: 1 Formation: 1 ECM: 1
target: 0 threat: 0
Reward: 0.0 Principal: 1 Interest: 0.5

time: 6
Finish DecAlt
[0.2164417272611418, 0.7513074932235013, 0.7057503436665752, 0.27851424457441615, 0.27851424457441615]
[0.038977230314254735, 0.9156955008597342, 0.5990704154478322, 0.45664034913284096, 0.27851424457441615]
Execute GoLoose
Execute OffECM
Altitude: 0 Formation: 0 ECM: 0
target: 0 threat: 1
Reward: 10.0 Principal: 2 Interest: 0.0

time: 7
[0.7881067721173152, 0.7616965794330613, 0.2661654346249983, 0.2661654346249983, 0.2661654346249983]
[0.9607765398807412, 0.7607773639226204, 0.32109901812760044, 0.18034818787202622, 0.2661654346249983]
Altitude: 0 Formation: 0 ECM: 0
target: 1 threat: 0
Reward: 0.0 Principal: 0 Interest: 0.0

time: 8
[0.7608340254404805, 0.27798781943690054, 0.27798781943690054, 0.27798781943690054, 0.27798781943690054]
[0.8686770740028182, 0.20981279815214485, 0.12143507567647464, 0.180077146778259, 0.27798781943690054]
Execute IncAlt
Execute GoTight
Altitude: 0 Formation: 1 ECM: 0
target: 1 threat: 1
Reward: 10.0 Principal: 3 Interest: 0.0

time: 9
Finish IncAlt
[0.22722080632830519, 0.22722080632830519, 0.22722080632830519, 0.22722080632830519, 0.22722080632830519]
[0.11159383165528503, 0.0638708812830356, 0.1047414425064938, 0.16007390524539214, 0.22722080632830519]
Altitude: 1 Formation: 1 ECM: 0
target: 0 threat: 0
Reward: 0.0 Principal: 0 Interest: 0.0
total reward = 28.076923076923077, total principal = 11, total interest = 1.0
