
time: 0
[0.7625243892570344, 0.768343134144393, 0.7396173449678629, 0.18925605902998635, 0.7031529449378301]
[0.7625243892570344, 0.768343134144393, 0.7396173449678629, 0.18925605902998635, 0.7031529449378301]
Altitude: 0 Formation: 0 ECM: 0
target: 1 threat: 1
Reward: 10.0 Principal: 1 Interest: 0.0

time: 1
[0.762382144458693, 0.25884541672570105, 0.3138982566777336, 0.7202828612837299, 0.29164074692425146]
[0.8048190886281124, 0.46578108574290356, 0.15719064417048362, 0.7485471370683551, 0.29164074692425146]
Altitude: 0 Formation: 0 ECM: 0
target: 1 threat: 0
Reward: 0.0 Principal: 1 Interest: 0.0

time: 2
[0.23811858943412567, 0.2200810301880085, 0.7272359290440477, 0.327945733769993, 0.724436721235719]
[0.3101847446741639, 0.08973157771412814, 0.8543343576785465, 0.22089521886708036, 0.724436721235719]
Altitude: 0 Formation: 0 ECM: 0
target: 0 threat: 0
Reward: 0.0 Principal: 1 Interest: 0.0

time: 3
[0.22935740075345734, 0.782560283027246, 0.26895415957042385, 0.6967382920795813, 0.6106775986504874]
[0.04737527931101073, 0.9292207348822302, 0.14483807144834351, 0.7473311084931663, 0.6106775986504874]
Altitude: 0 Formation: 0 ECM: 0
target: 0 threat: 0
Reward: 0.0 Principal: 1 Interest: 0.0

time: 4
[0.22162300302229346, 0.7588075940923559, 0.7123137358325411, 0.6491967451855636, 0.6991813595209958]
[0.8578073093018832, 0.2730935740001873, 0.8479856535361545, 0.6493856250872999, 0.6991813595209958]
Execute OnECM
Altitude: 0 Formation: 0 ECM: 1
target: 1 threat: 0
Reward: 1.6666666666666663 Principal: 1 Interest: 0.5

time: 5
[0.2286838051712155, 0.7434270961126592, 0.2939092221951176, 0.34489268561579745, 0.21786779841324005]
[0.15120349632333488, 0.9172608676566817, 0.5246423493452149, 0.5018042509787304, 0.21786779841324005]
Execute OffECM
Altitude: 0 Formation: 0 ECM: 0
target: 0 threat: 0
Reward: 0.0 Principal: 1 Interest: 0.0

time: 6
[0.777733461699535, 0.7616040651061521, 0.7218965684755155, 0.2809464239740789, 0.2809464239740789]
[0.9603279476904987, 0.7017040017877906, 0.6694269146600462, 0.15674233730493964, 0.2809464239740789]
Altitude: 0 Formation: 0 ECM: 0
target: 1 threat: 1
Reward: 10.0 Principal: 1 Interest: 0.0

time: 7
[0.7832862815183826, 0.7565147412027305, 0.24135715684341388, 0.24135715684341388, 0.24135715684341388]
[0.8398621365021123, 0.8084760154369783, 0.0954337056089011, 0.16872094302163743, 0.24135715684341388]
Altitude: 0 Formation: 0 ECM: 0
target: 1 threat: 0
Reward: 0.0 Principal: 1 Interest: 0.0

time: 8
[0.7552963085516532, 0.2531401736076031, 0.2531401736076031, 0.2531401736076031, 0.2531401736076031]
[0.8960935054802489, 0.05408962882742102, 0.10608881156790749, 0.15520247211602836, 0.2531401736076031]
Altitude: 0 Formation: 0 ECM: 0
target: 1 threat: 0
Reward: 0.0 Principal: 1 Interest: 0.0

time: 9
[0.22753879131340585, 0.22753879131340585, 0.22753879131340585, 0.22753879131340585, 0.22753879131340585]
[0.026831655544822936, 0.055710878836011196, 0.0906090574268833, 0.14850965860936854, 0.22753879131340585]
Altitude: 0 Formation: 0 ECM: 0
target: 0 threat: 0
Reward: 0.0 Principal: 1 Interest: 0.0
total reward = 21.666666666666664, total principal = 10, total interest = 0.5
