
time: 0
[0.2361711054156864, 0.7437680380443596, 0.7455296555462613, 0.2383083279638664, 0.6475294864943832]
[0.2361711054156864, 0.7437680380443596, 0.7455296555462613, 0.2383083279638664, 0.6475294864943832]
Altitude: 0 Formation: 0 ECM: 0
target: 0 threat: 0
Reward: 0.0 Principal: 1 Interest: 0.0

time: 1
[0.7517809613075196, 0.7743695150283032, 0.28935109694203875, 0.6687194468534294, 0.6456527085866143]
[0.7872061492438597, 0.7995864346246673, 0.17128084461981294, 0.6851478900508707, 0.6456527085866143]
Altitude: 0 Formation: 0 ECM: 0
target: 1 threat: 0
Reward: 0.0 Principal: 1 Interest: 0.0

time: 2
[0.7873211694844575, 0.2560059465464118, 0.7391161269711222, 0.730481431099308, 0.3218248997138026]
[0.9037357701421341, 0.10855700368897458, 0.8172282720942121, 0.7220623349730034, 0.3218248997138026]
Execute OnECM
Altitude: 0 Formation: 0 ECM: 1
target: 1 threat: 0
Reward: 1.6666666666666663 Principal: 1 Interest: 0.5

time: 3
[0.23594855033325912, 0.754181026996484, 0.7258707346823375, 0.26100308637686087, 0.5928696281099901]
[0.05848734917208541, 0.9018507527446298, 0.8364072864424539, 0.20014897096422996, 0.5928696281099901]
Execute OffECM
Altitude: 0 Formation: 0 ECM: 0
target: 0 threat: 1
Reward: 10.0 Principal: 1 Interest: 0.0

time: 4
[0.7728113990052615, 0.7497586967027308, 0.22727191795470836, 0.2782548063658872, 0.295895005890623]
[0.9518447966593367, 0.9119748900463446, 0.11653369775958998, 0.3747625385072089, 0.295895005890623]
Altitude: 0 Formation: 0 ECM: 0
target: 1 threat: 0
Reward: 0.0 Principal: 1 Interest: 0.0

time: 5
[0.7905571049398743, 0.2553918999714737, 0.7201511878558039, 0.19204731576878328, 0.7340579851787851]
[0.9592603578666775, 0.06655353584901269, 0.5516729549143309, 0.1504881444499463, 0.7340579851787851]
Execute OnECM
Altitude: 0 Formation: 0 ECM: 1
target: 1 threat: 1
Reward: 10.0 Principal: 1 Interest: 0.5

time: 6
[0.24504808992691998, 0.7734643282276645, 0.30579386778099765, 0.6643757540513452, 0.6643757540513452]
[0.03488172824330301, 0.7310204634168692, 0.11057975827509367, 0.7348291094185081, 0.6643757540513452]
Execute OffECM
Altitude: 0 Formation: 0 ECM: 0
target: 0 threat: 1
Reward: 10.0 Principal: 1 Interest: 0.0

time: 7
[0.7664186692220543, 0.2618102847808408, 0.7902716903246751, 0.7902716903246751, 0.7902716903246751]
[0.8518678540384572, 0.06431546737638973, 0.8688719622232757, 0.7674914004221226, 0.7902716903246751]
Altitude: 0 Formation: 0 ECM: 0
target: 1 threat: 0
Reward: 0.0 Principal: 1 Interest: 0.0

time: 8
[0.22443185707890578, 0.23584998356594092, 0.23584998356594092, 0.23584998356594092, 0.23584998356594092]
[0.031669541619312895, 0.7619358894831139, 0.6205453637019996, 0.4871762068390559, 0.23584998356594092]
Execute GoTight
Execute IncAlt
Altitude: 0 Formation: 1 ECM: 0
target: 0 threat: 0
Reward: 0.0 Principal: 3 Interest: 0.0

time: 9
Finish IncAlt
[0.20850688137817344, 0.20850688137817344, 0.20850688137817344, 0.20850688137817344, 0.20850688137817344]
[0.5858460378501192, 0.42243540201419993, 0.3079871498371939, 0.13174361769355378, 0.20850688137817344]
Execute IncAlt
Altitude: 1 Formation: 1 ECM: 0
target: 1 threat: 1
Reward: 10.0 Principal: 2 Interest: 0.0
total reward = 41.666666666666664, total principal = 13, total interest = 1.0
