
time: 0
[0.21632423164458972, 0.7463703274203352, 0.2622807961901358, 0.33468589567732865, 0.33506104002215387, 0.33506104002215387]
[0.21632423164458972, 0.7463703274203352, 0.2622807961901358, 0.33468589567732865, 0.33506104002215387]
Execute IncAlt
Altitude: 0 Formation: 0 ECM: 0
target: 0 threat: 1
Reward: 10.0 Principal: 2 Interest: 0.0

time: 1
Finish IncAlt
[0.22874224502817728, 0.7439773180544829, 0.28006394383405825, 0.27051002549357456, 0.752306777475001, 0.752306777475001]
[0.4462603292046557, 0.47194262297903455, 0.21795031061015963, 0.21264220286714694, 0.752306777475001]
Execute IncAlt
Altitude: 1 Formation: 0 ECM: 0
target: 1 threat: 0
Reward: 2.5 Principal: 2 Interest: 0.0

time: 2
Finish IncAlt
[0.23126544233657811, 0.24530339573247234, 0.28455425138456436, 0.6738575878003401, 0.6427664438186413, 0.6427664438186413]
[0.3106303516816193, 0.13388402301577718, 0.14536474474185304, 0.7507090316396492, 0.6427664438186413]
Execute IncAlt
Execute GoTight
Execute OnECM
Altitude: 2 Formation: 1 ECM: 1
target: 0 threat: 1
Reward: 3.205128205128205 Principal: 3 Interest: 0.5

time: 3
Finish IncAlt
[0.7737342484276609, 0.25195678180309966, 0.6839197319722808, 0.3570550060467861, 0.6909911564203476, 0.6909911564203476]
[0.26509939548940387, 0.08265650184234269, 0.8395252854767351, 0.46928218789107146, 0.6909911564203476]
Execute IncAlt
Execute GoLoose
Execute OffECM
Altitude: 3 Formation: 0 ECM: 0
target: 0 threat: 0
Reward: 0.0 Principal: 3 Interest: 0.0

time: 4
Finish IncAlt
[0.21570080176512813, 0.7488043382889135, 0.7311085628922349, 0.71081021110958, 0.703554907385873, 0.703554907385873]
[0.039858800407980684, 0.9135650857810319, 0.6471803985713358, 0.7363035307353205, 0.703554907385873]
Execute IncAlt
Altitude: 4 Formation: 0 ECM: 0
target: 0 threat: 0
Reward: 0.0 Principal: 2 Interest: 0.0

time: 5
Finish IncAlt
[0.7445726582116239, 0.7665335003777412, 0.749637617729442, 0.6527293058245958, 0.7184400397066881, 0.7184400397066881]
[0.954273267692128, 0.7977696889761989, 0.8548425626796419, 0.7098051566358192, 0.7184400397066881]
Execute DecAlt
Altitude: 5 Formation: 0 ECM: 0
target: 1 threat: 0
Reward: 10.0 Principal: 2 Interest: 0.0

time: 6
Finish DecAlt
[0.2073255108794689, 0.2793458606141219, 0.7502768104667927, 0.7185532564789495, 0.7185532564789495, 0.7185532564789495]
[0.6344971115082652, 0.7642298617580816, 0.8382792072024889, 0.7560446395218282, 0.7185532564789495]
Execute IncAlt
Execute GoTight
Execute OnECM
Altitude: 4 Formation: 1 ECM: 1
target: 1 threat: 1
Reward: 10.0 Principal: 3 Interest: 0.5

time: 7
Finish IncAlt
[0.7754421547972008, 0.23542726903860967, 0.7493763174130221, 0.7493763174130221, 0.7493763174130221, 0.7493763174130221]
[0.8757421469457864, 0.7144733177254924, 0.8669825867656681, 0.7728946525173587, 0.7493763174130221]
Execute DecAlt
Altitude: 5 Formation: 1 ECM: 1
target: 1 threat: 1
Reward: 10.0 Principal: 2 Interest: 0.5

time: 8
Finish DecAlt
[0.7837261577331389, 0.7314465846890185, 0.7314465846890185, 0.7314465846890185, 0.7314465846890185, 0.7314465846890185]
[0.8481918306534593, 0.9258812455267185, 0.8713420688795566, 0.7796141468909666, 0.7314465846890185]
Execute IncAlt
Altitude: 4 Formation: 1 ECM: 1
target: 1 threat: 1
Reward: 10.0 Principal: 2 Interest: 0.5

time: 9
Finish IncAlt
[0.7753964744208857, 0.7753964744208857, 0.7753964744208857, 0.7753964744208857, 0.7753964744208857, 0.7753964744208857]
[0.9643825181727081, 0.9367782665204826, 0.8893342162492188, 0.7931835362385097, 0.7753964744208857]
Execute DecAlt
Execute GoLoose
Execute OffECM
Altitude: 5 Formation: 0 ECM: 0
target: 1 threat: 0
Reward: 10.0 Principal: 3 Interest: 0.0
total reward = 65.7051282051282, total principal = 24, total interest = 2.0
